ARM GAS  C:\Users\user\AppData\Local\Temp\cc5twiZg.s 			page 1


   1              		.cpu cortex-m3
   2              		.eabi_attribute 20, 1
   3              		.eabi_attribute 21, 1
   4              		.eabi_attribute 23, 3
   5              		.eabi_attribute 24, 1
   6              		.eabi_attribute 25, 1
   7              		.eabi_attribute 26, 1
   8              		.eabi_attribute 30, 1
   9              		.eabi_attribute 34, 1
  10              		.eabi_attribute 18, 4
  11              		.file	"Detector.c"
  12              		.text
  13              	.Ltext0:
  14              		.cfi_sections	.debug_frame
  15              		.section	.text.Detector_Init_Param,"ax",%progbits
  16              		.align	1
  17              		.global	Detector_Init_Param
  18              		.arch armv7-m
  19              		.syntax unified
  20              		.thumb
  21              		.thumb_func
  22              		.fpu softvfp
  24              	Detector_Init_Param:
  25              	.LVL0:
  26              	.LFB3:
  27              		.file 1 "Core/Src/Code/Detector.c"
   1:Core/Src/Code/Detector.c **** #include "Detector.h"
   2:Core/Src/Code/Detector.c **** 
   3:Core/Src/Code/Detector.c **** static float Detector_Kg =_default_KG;
   4:Core/Src/Code/Detector.c **** static float Detector_Bg =_default_BG;
   5:Core/Src/Code/Detector.c **** 
   6:Core/Src/Code/Detector.c **** // Setting Param Detector
   7:Core/Src/Code/Detector.c **** void  Detector_Init_Param(float Set_Kg, float Set_Bg) {
  28              		.loc 1 7 55 view -0
  29              		.cfi_startproc
  30              		@ args = 0, pretend = 0, frame = 0
  31              		@ frame_needed = 0, uses_anonymous_args = 0
  32              		@ link register save eliminated.
   8:Core/Src/Code/Detector.c ****  Detector_Kg = Set_Kg;
  33              		.loc 1 8 2 view .LVU1
  34              		.loc 1 8 14 is_stmt 0 view .LVU2
  35 0000 024B     		ldr	r3, .L2
  36 0002 1860     		str	r0, [r3]	@ float
   9:Core/Src/Code/Detector.c ****  Detector_Bg = Set_Bg;
  37              		.loc 1 9 2 is_stmt 1 view .LVU3
  38              		.loc 1 9 14 is_stmt 0 view .LVU4
  39 0004 024B     		ldr	r3, .L2+4
  40 0006 1960     		str	r1, [r3]	@ float
  10:Core/Src/Code/Detector.c **** }
  41              		.loc 1 10 1 view .LVU5
  42 0008 7047     		bx	lr
  43              	.L3:
  44 000a 00BF     		.align	2
  45              	.L2:
  46 000c 00000000 		.word	.LANCHOR0
  47 0010 00000000 		.word	.LANCHOR1
  48              		.cfi_endproc
ARM GAS  C:\Users\user\AppData\Local\Temp\cc5twiZg.s 			page 2


  49              	.LFE3:
  51              		.global	__aeabi_fcmpgt
  52              		.global	__aeabi_fsub
  53              		.global	__aeabi_fmul
  54              		.section	.text.Detector_GetuZvValue,"ax",%progbits
  55              		.align	1
  56              		.global	Detector_GetuZvValue
  57              		.syntax unified
  58              		.thumb
  59              		.thumb_func
  60              		.fpu softvfp
  62              	Detector_GetuZvValue:
  63              	.LVL1:
  64              	.LFB4:
  11:Core/Src/Code/Detector.c **** 
  12:Core/Src/Code/Detector.c **** // Get Value [uSv/h]
  13:Core/Src/Code/Detector.c **** float Detector_GetuZvValue(TStatus_Stat* Stat) {
  65              		.loc 1 13 48 is_stmt 1 view -0
  66              		.cfi_startproc
  67              		@ args = 0, pretend = 0, frame = 0
  68              		@ frame_needed = 0, uses_anonymous_args = 0
  69              		.loc 1 13 48 is_stmt 0 view .LVU7
  70 0000 38B5     		push	{r3, r4, r5, lr}
  71              	.LCFI0:
  72              		.cfi_def_cfa_offset 16
  73              		.cfi_offset 3, -16
  74              		.cfi_offset 4, -12
  75              		.cfi_offset 5, -8
  76              		.cfi_offset 14, -4
  14:Core/Src/Code/Detector.c ****   float DER;
  77              		.loc 1 14 3 is_stmt 1 view .LVU8
  15:Core/Src/Code/Detector.c ****   DER  = (Stat->CPS>Detector_Bg) ? (Stat->CPS-Detector_Bg) : (Stat->CPS);
  78              		.loc 1 15 3 view .LVU9
  79              		.loc 1 15 15 is_stmt 0 view .LVU10
  80 0002 4468     		ldr	r4, [r0, #4]	@ float
  81              		.loc 1 15 20 view .LVU11
  82 0004 084B     		ldr	r3, .L9
  83 0006 1D68     		ldr	r5, [r3]	@ float
  84              		.loc 1 15 60 view .LVU12
  85 0008 2946     		mov	r1, r5
  86 000a 2046     		mov	r0, r4
  87              	.LVL2:
  88              		.loc 1 15 60 view .LVU13
  89 000c FFF7FEFF 		bl	__aeabi_fcmpgt
  90              	.LVL3:
  91 0010 20B1     		cbz	r0, .L5
  92              		.loc 1 15 60 discriminator 1 view .LVU14
  93 0012 2946     		mov	r1, r5
  94 0014 2046     		mov	r0, r4
  95 0016 FFF7FEFF 		bl	__aeabi_fsub
  96              	.LVL4:
  97 001a 0446     		mov	r4, r0
  98              	.L5:
  99              	.LVL5:
  16:Core/Src/Code/Detector.c ****   DER *= Detector_Kg;
 100              		.loc 1 16 3 is_stmt 1 discriminator 4 view .LVU15
 101              		.loc 1 16 7 is_stmt 0 discriminator 4 view .LVU16
ARM GAS  C:\Users\user\AppData\Local\Temp\cc5twiZg.s 			page 3


 102 001c 034B     		ldr	r3, .L9+4
 103 001e 1968     		ldr	r1, [r3]	@ float
 104 0020 2046     		mov	r0, r4
 105 0022 FFF7FEFF 		bl	__aeabi_fmul
 106              	.LVL6:
  17:Core/Src/Code/Detector.c ****   return DER; // [uSv/h]
 107              		.loc 1 17 3 is_stmt 1 discriminator 4 view .LVU17
  18:Core/Src/Code/Detector.c **** }
 108              		.loc 1 18 1 is_stmt 0 discriminator 4 view .LVU18
 109 0026 38BD     		pop	{r3, r4, r5, pc}
 110              	.L10:
 111              		.align	2
 112              	.L9:
 113 0028 00000000 		.word	.LANCHOR1
 114 002c 00000000 		.word	.LANCHOR0
 115              		.cfi_endproc
 116              	.LFE4:
 118              		.section	.bss.Detector_Bg,"aw",%nobits
 119              		.align	2
 120              		.set	.LANCHOR1,. + 0
 123              	Detector_Bg:
 124 0000 00000000 		.space	4
 125              		.section	.data.Detector_Kg,"aw"
 126              		.align	2
 127              		.set	.LANCHOR0,. + 0
 130              	Detector_Kg:
 131 0000 6FD8B63A 		.word	985061487
 132              		.text
 133              	.Letext0:
 134              		.file 2 "c:\\users\\user\\appdata\\roaming\\code\\user\\globalstorage\\bmd.stm32-for-vscode\\@xpac
 135              		.file 3 "c:\\users\\user\\appdata\\roaming\\code\\user\\globalstorage\\bmd.stm32-for-vscode\\@xpac
 136              		.file 4 "Core/Src/Code/StatPM.h"
ARM GAS  C:\Users\user\AppData\Local\Temp\cc5twiZg.s 			page 4


DEFINED SYMBOLS
                            *ABS*:0000000000000000 Detector.c
C:\Users\user\AppData\Local\Temp\cc5twiZg.s:16     .text.Detector_Init_Param:0000000000000000 $t
C:\Users\user\AppData\Local\Temp\cc5twiZg.s:24     .text.Detector_Init_Param:0000000000000000 Detector_Init_Param
C:\Users\user\AppData\Local\Temp\cc5twiZg.s:46     .text.Detector_Init_Param:000000000000000c $d
C:\Users\user\AppData\Local\Temp\cc5twiZg.s:55     .text.Detector_GetuZvValue:0000000000000000 $t
C:\Users\user\AppData\Local\Temp\cc5twiZg.s:62     .text.Detector_GetuZvValue:0000000000000000 Detector_GetuZvValue
C:\Users\user\AppData\Local\Temp\cc5twiZg.s:113    .text.Detector_GetuZvValue:0000000000000028 $d
C:\Users\user\AppData\Local\Temp\cc5twiZg.s:119    .bss.Detector_Bg:0000000000000000 $d
C:\Users\user\AppData\Local\Temp\cc5twiZg.s:123    .bss.Detector_Bg:0000000000000000 Detector_Bg
C:\Users\user\AppData\Local\Temp\cc5twiZg.s:126    .data.Detector_Kg:0000000000000000 $d
C:\Users\user\AppData\Local\Temp\cc5twiZg.s:130    .data.Detector_Kg:0000000000000000 Detector_Kg

UNDEFINED SYMBOLS
__aeabi_fcmpgt
__aeabi_fsub
__aeabi_fmul
