ARM GAS  C:\Users\user\AppData\Local\Temp\ccoqzHmX.s 			page 1


   1              		.cpu cortex-m3
   2              		.eabi_attribute 20, 1
   3              		.eabi_attribute 21, 1
   4              		.eabi_attribute 23, 3
   5              		.eabi_attribute 24, 1
   6              		.eabi_attribute 25, 1
   7              		.eabi_attribute 26, 1
   8              		.eabi_attribute 30, 1
   9              		.eabi_attribute 34, 1
  10              		.eabi_attribute 18, 4
  11              		.file	"FindX.c"
  12              		.text
  13              	.Ltext0:
  14              		.cfi_sections	.debug_frame
  15              		.global	__aeabi_fcmpeq
  16              		.section	.text.ssqrt,"ax",%progbits
  17              		.align	1
  18              		.global	ssqrt
  19              		.arch armv7-m
  20              		.syntax unified
  21              		.thumb
  22              		.thumb_func
  23              		.fpu softvfp
  25              	ssqrt:
  26              	.LVL0:
  27              	.LFB0:
  28              		.file 1 "Core/Src/Code/FindX.c"
   1:Core/Src/Code/FindX.c **** #include "FindX.h"
   2:Core/Src/Code/FindX.c **** 
   3:Core/Src/Code/FindX.c **** //****************************************************************************//
   4:Core/Src/Code/FindX.c **** //  22/07/21 Find Window5
   5:Core/Src/Code/FindX.c **** //  Putyrski Mikhail
   6:Core/Src/Code/FindX.c **** //****************************************************************************//
   7:Core/Src/Code/FindX.c **** 
   8:Core/Src/Code/FindX.c **** static float Find_Sigma;
   9:Core/Src/Code/FindX.c **** static uint16_t TFW5_Tcall;
  10:Core/Src/Code/FindX.c **** 
  11:Core/Src/Code/FindX.c **** // Time Mask
  12:Core/Src/Code/FindX.c **** //const unsigned int iMaskFind = 0x0088;
  13:Core/Src/Code/FindX.c **** const unsigned int iMaskFind = 0xFFFF;
  14:Core/Src/Code/FindX.c **** 
  15:Core/Src/Code/FindX.c **** const float Kst[121] = {
  16:Core/Src/Code/FindX.c ****               12.7062	,
  17:Core/Src/Code/FindX.c ****               4.3027	,
  18:Core/Src/Code/FindX.c ****               3.1824	,
  19:Core/Src/Code/FindX.c ****               2.7764	,
  20:Core/Src/Code/FindX.c ****               2.5706	,
  21:Core/Src/Code/FindX.c ****               2.4469	,
  22:Core/Src/Code/FindX.c ****               2.3646	,
  23:Core/Src/Code/FindX.c ****               2.306	,
  24:Core/Src/Code/FindX.c ****               2.2622	,
  25:Core/Src/Code/FindX.c ****               2.2281	,
  26:Core/Src/Code/FindX.c ****               2.201	,
  27:Core/Src/Code/FindX.c ****               2.1788	,
  28:Core/Src/Code/FindX.c ****               2.1604	,
  29:Core/Src/Code/FindX.c ****               2.1448	,
  30:Core/Src/Code/FindX.c ****               2.1314	,
ARM GAS  C:\Users\user\AppData\Local\Temp\ccoqzHmX.s 			page 2


  31:Core/Src/Code/FindX.c ****               2.1199	,
  32:Core/Src/Code/FindX.c ****               2.1098	,
  33:Core/Src/Code/FindX.c ****               2.1009	,
  34:Core/Src/Code/FindX.c ****               2.093	,
  35:Core/Src/Code/FindX.c ****               2.086	,
  36:Core/Src/Code/FindX.c ****               2.0796	,
  37:Core/Src/Code/FindX.c ****               2.0739	,
  38:Core/Src/Code/FindX.c ****               2.0687	,
  39:Core/Src/Code/FindX.c ****               2.0639	,
  40:Core/Src/Code/FindX.c ****               2.0595	,
  41:Core/Src/Code/FindX.c ****               2.0555	,
  42:Core/Src/Code/FindX.c ****               2.0518	,
  43:Core/Src/Code/FindX.c ****               2.0484	,
  44:Core/Src/Code/FindX.c ****               2.0452	,
  45:Core/Src/Code/FindX.c ****               2.0423	,
  46:Core/Src/Code/FindX.c ****               2.0301	,
  47:Core/Src/Code/FindX.c ****               2.0301	,
  48:Core/Src/Code/FindX.c ****               2.0301	,
  49:Core/Src/Code/FindX.c ****               2.0301	,
  50:Core/Src/Code/FindX.c ****               2.0301	,
  51:Core/Src/Code/FindX.c ****               2.0301	,
  52:Core/Src/Code/FindX.c ****               2.0301	,
  53:Core/Src/Code/FindX.c ****               2.0301	,
  54:Core/Src/Code/FindX.c ****               2.0301	,
  55:Core/Src/Code/FindX.c ****               2.0211	,
  56:Core/Src/Code/FindX.c ****               2.0211	,
  57:Core/Src/Code/FindX.c ****               2.0211	,
  58:Core/Src/Code/FindX.c ****               2.0211	,
  59:Core/Src/Code/FindX.c ****               2.0211	,
  60:Core/Src/Code/FindX.c ****               2.0141	,
  61:Core/Src/Code/FindX.c ****               2.0141	,
  62:Core/Src/Code/FindX.c ****               2.0141	,
  63:Core/Src/Code/FindX.c ****               2.0141	,
  64:Core/Src/Code/FindX.c ****               2.0141	,
  65:Core/Src/Code/FindX.c ****               2.0086	,
  66:Core/Src/Code/FindX.c ****               2.0086	,
  67:Core/Src/Code/FindX.c ****               2.0086	,
  68:Core/Src/Code/FindX.c ****               2.0086	,
  69:Core/Src/Code/FindX.c ****               2.0086	,
  70:Core/Src/Code/FindX.c ****               2.004	,
  71:Core/Src/Code/FindX.c ****               2.004	,
  72:Core/Src/Code/FindX.c ****               2.004	,
  73:Core/Src/Code/FindX.c ****               2.004	,
  74:Core/Src/Code/FindX.c ****               2.004	,
  75:Core/Src/Code/FindX.c ****               2.0003	,
  76:Core/Src/Code/FindX.c ****               2.0003	,
  77:Core/Src/Code/FindX.c ****               2.0003	,
  78:Core/Src/Code/FindX.c ****               2.0003	,
  79:Core/Src/Code/FindX.c ****               2.0003	,
  80:Core/Src/Code/FindX.c ****               2.0003	,
  81:Core/Src/Code/FindX.c ****               2.0003	,
  82:Core/Src/Code/FindX.c ****               2.0003	,
  83:Core/Src/Code/FindX.c ****               2.0003	,
  84:Core/Src/Code/FindX.c ****               2.0003	,
  85:Core/Src/Code/FindX.c ****               1.9944	,
  86:Core/Src/Code/FindX.c ****               1.9944	,
  87:Core/Src/Code/FindX.c ****               1.9944	,
ARM GAS  C:\Users\user\AppData\Local\Temp\ccoqzHmX.s 			page 3


  88:Core/Src/Code/FindX.c ****               1.9944	,
  89:Core/Src/Code/FindX.c ****               1.9944	,
  90:Core/Src/Code/FindX.c ****               1.9944	,
  91:Core/Src/Code/FindX.c ****               1.9944	,
  92:Core/Src/Code/FindX.c ****               1.9944	,
  93:Core/Src/Code/FindX.c ****               1.9944	,
  94:Core/Src/Code/FindX.c ****               1.9944	,
  95:Core/Src/Code/FindX.c ****               1.9901	,
  96:Core/Src/Code/FindX.c ****               1.9901	,
  97:Core/Src/Code/FindX.c ****               1.9901	,
  98:Core/Src/Code/FindX.c ****               1.9901	,
  99:Core/Src/Code/FindX.c ****               1.9901	,
 100:Core/Src/Code/FindX.c ****               1.9901	,
 101:Core/Src/Code/FindX.c ****               1.9901	,
 102:Core/Src/Code/FindX.c ****               1.9901	,
 103:Core/Src/Code/FindX.c ****               1.9901	,
 104:Core/Src/Code/FindX.c ****               1.9901	,
 105:Core/Src/Code/FindX.c ****               1.9867	,
 106:Core/Src/Code/FindX.c ****               1.9867	,
 107:Core/Src/Code/FindX.c ****               1.9867	,
 108:Core/Src/Code/FindX.c ****               1.9867	,
 109:Core/Src/Code/FindX.c ****               1.9867	,
 110:Core/Src/Code/FindX.c ****               1.9867	,
 111:Core/Src/Code/FindX.c ****               1.9867	,
 112:Core/Src/Code/FindX.c ****               1.9867	,
 113:Core/Src/Code/FindX.c ****               1.9867	,
 114:Core/Src/Code/FindX.c ****               1.9867	,
 115:Core/Src/Code/FindX.c ****               1.984	,
 116:Core/Src/Code/FindX.c ****               1.984	,
 117:Core/Src/Code/FindX.c ****               1.984	,
 118:Core/Src/Code/FindX.c ****               1.984	,
 119:Core/Src/Code/FindX.c ****               1.984	,
 120:Core/Src/Code/FindX.c ****               1.984	,
 121:Core/Src/Code/FindX.c ****               1.984	,
 122:Core/Src/Code/FindX.c ****               1.984	,
 123:Core/Src/Code/FindX.c ****               1.984	,
 124:Core/Src/Code/FindX.c ****               1.984	,
 125:Core/Src/Code/FindX.c ****               1.9818	,
 126:Core/Src/Code/FindX.c ****               1.9818	,
 127:Core/Src/Code/FindX.c ****               1.9818	,
 128:Core/Src/Code/FindX.c ****               1.9818	,
 129:Core/Src/Code/FindX.c ****               1.9818	,
 130:Core/Src/Code/FindX.c ****               1.9818	,
 131:Core/Src/Code/FindX.c ****               1.9818	,
 132:Core/Src/Code/FindX.c ****               1.9818	,
 133:Core/Src/Code/FindX.c ****               1.9818	,
 134:Core/Src/Code/FindX.c ****               1.9818	,
 135:Core/Src/Code/FindX.c ****               1.9799	,
 136:Core/Src/Code/FindX.c ****               1	
 137:Core/Src/Code/FindX.c **** };
 138:Core/Src/Code/FindX.c **** 
 139:Core/Src/Code/FindX.c **** 
 140:Core/Src/Code/FindX.c **** 
 141:Core/Src/Code/FindX.c **** //****************************************************************************//
 142:Core/Src/Code/FindX.c **** 
 143:Core/Src/Code/FindX.c **** TFW5Data FW5Data;
 144:Core/Src/Code/FindX.c **** uint16_t  _out;
ARM GAS  C:\Users\user\AppData\Local\Temp\ccoqzHmX.s 			page 4


 145:Core/Src/Code/FindX.c **** void FW5_CalculatePorog_i(float dt, float nSigma, float nFona_cps, float TCAL_sec);
 146:Core/Src/Code/FindX.c **** void FW5_SetPorog(float nSigm, uint16_t Tcall);
 147:Core/Src/Code/FindX.c **** 
 148:Core/Src/Code/FindX.c **** //****************************************************************************//
 149:Core/Src/Code/FindX.c **** 
 150:Core/Src/Code/FindX.c **** float ssqrt(float z) {
  29              		.loc 1 150 22 view -0
  30              		.cfi_startproc
  31              		@ args = 0, pretend = 0, frame = 0
  32              		@ frame_needed = 0, uses_anonymous_args = 0
  33              		.loc 1 150 22 is_stmt 0 view .LVU1
  34 0000 10B5     		push	{r4, lr}
  35              		.cfi_def_cfa_offset 8
  36              		.cfi_offset 4, -8
  37              		.cfi_offset 14, -4
  38 0002 0446     		mov	r4, r0
 151:Core/Src/Code/FindX.c ****  if (z==0) return 0;
  39              		.loc 1 151 2 is_stmt 1 view .LVU2
  40              		.loc 1 151 5 is_stmt 0 view .LVU3
  41 0004 0021     		movs	r1, #0
  42 0006 FFF7FEFF 		bl	__aeabi_fcmpeq
  43              	.LVL1:
  44              		.loc 1 151 5 view .LVU4
  45 000a 28B9     		cbnz	r0, .L3
 152:Core/Src/Code/FindX.c ****  union {float f; uint32_t i; } val = {z};
  46              		.loc 1 152 2 is_stmt 1 view .LVU5
 153:Core/Src/Code/FindX.c ****  val.i -= 8388608;
  47              		.loc 1 153 2 view .LVU6
  48              		.loc 1 153 8 is_stmt 0 view .LVU7
  49 000c A4F50000 		sub	r0, r4, #8388608
 154:Core/Src/Code/FindX.c ****  val.i >>= 1;
  50              		.loc 1 154 2 is_stmt 1 view .LVU8
  51              		.loc 1 154 8 is_stmt 0 view .LVU9
  52 0010 4008     		lsrs	r0, r0, #1
 155:Core/Src/Code/FindX.c ****  val.i += 536870912;
  53              		.loc 1 155 2 is_stmt 1 view .LVU10
 156:Core/Src/Code/FindX.c ****  return val.f;
  54              		.loc 1 156 2 view .LVU11
  55 0012 00F10050 		add	r0, r0, #536870912
  56              	.L1:
 157:Core/Src/Code/FindX.c **** }
  57              		.loc 1 157 1 is_stmt 0 view .LVU12
  58 0016 10BD     		pop	{r4, pc}
  59              	.LVL2:
  60              	.L3:
 151:Core/Src/Code/FindX.c ****  union {float f; uint32_t i; } val = {z};
  61              		.loc 1 151 19 view .LVU13
  62 0018 0020     		movs	r0, #0
  63 001a FCE7     		b	.L1
  64              		.cfi_endproc
  65              	.LFE0:
  67              		.section	.text.FW5_Write,"ax",%progbits
  68              		.align	1
  69              		.global	FW5_Write
  70              		.syntax unified
  71              		.thumb
  72              		.thumb_func
ARM GAS  C:\Users\user\AppData\Local\Temp\ccoqzHmX.s 			page 5


  73              		.fpu softvfp
  75              	FW5_Write:
  76              	.LVL3:
  77              	.LFB1:
 158:Core/Src/Code/FindX.c **** 
 159:Core/Src/Code/FindX.c **** // Write Buff
 160:Core/Src/Code/FindX.c **** void FW5_Write(uint32_t D) {
  78              		.loc 1 160 28 is_stmt 1 view -0
  79              		.cfi_startproc
  80              		@ args = 0, pretend = 0, frame = 0
  81              		@ frame_needed = 0, uses_anonymous_args = 0
  82              		@ link register save eliminated.
 161:Core/Src/Code/FindX.c ****   FW5Data.CountWindow+=D;
  83              		.loc 1 161 3 view .LVU15
  84              		.loc 1 161 22 is_stmt 0 view .LVU16
  85 0000 024A     		ldr	r2, .L6
  86 0002 5368     		ldr	r3, [r2, #4]
  87 0004 0344     		add	r3, r3, r0
  88 0006 5360     		str	r3, [r2, #4]
 162:Core/Src/Code/FindX.c **** }
  89              		.loc 1 162 1 view .LVU17
  90 0008 7047     		bx	lr
  91              	.L7:
  92 000a 00BF     		.align	2
  93              	.L6:
  94 000c 00000000 		.word	.LANCHOR0
  95              		.cfi_endproc
  96              	.LFE1:
  98              		.section	.text.FW5_SetPorog,"ax",%progbits
  99              		.align	1
 100              		.global	FW5_SetPorog
 101              		.syntax unified
 102              		.thumb
 103              		.thumb_func
 104              		.fpu softvfp
 106              	FW5_SetPorog:
 107              	.LVL4:
 108              	.LFB2:
 163:Core/Src/Code/FindX.c **** 
 164:Core/Src/Code/FindX.c **** void FW5_SetPorog(float nSigm, uint16_t Tcall) {
 109              		.loc 1 164 48 is_stmt 1 view -0
 110              		.cfi_startproc
 111              		@ args = 0, pretend = 0, frame = 0
 112              		@ frame_needed = 0, uses_anonymous_args = 0
 113              		@ link register save eliminated.
 165:Core/Src/Code/FindX.c ****      TFW5_Tcall = Tcall;
 114              		.loc 1 165 6 view .LVU19
 115              		.loc 1 165 17 is_stmt 0 view .LVU20
 116 0000 024B     		ldr	r3, .L9
 117 0002 1980     		strh	r1, [r3]	@ movhi
 166:Core/Src/Code/FindX.c ****      Find_Sigma = nSigm;
 118              		.loc 1 166 6 is_stmt 1 view .LVU21
 119              		.loc 1 166 17 is_stmt 0 view .LVU22
 120 0004 024B     		ldr	r3, .L9+4
 121 0006 1860     		str	r0, [r3]	@ float
 167:Core/Src/Code/FindX.c **** }
 122              		.loc 1 167 1 view .LVU23
ARM GAS  C:\Users\user\AppData\Local\Temp\ccoqzHmX.s 			page 6


 123 0008 7047     		bx	lr
 124              	.L10:
 125 000a 00BF     		.align	2
 126              	.L9:
 127 000c 00000000 		.word	.LANCHOR1
 128 0010 00000000 		.word	.LANCHOR2
 129              		.cfi_endproc
 130              	.LFE2:
 132              		.section	.text.FW5_Clear,"ax",%progbits
 133              		.align	1
 134              		.global	FW5_Clear
 135              		.syntax unified
 136              		.thumb
 137              		.thumb_func
 138              		.fpu softvfp
 140              	FW5_Clear:
 141              	.LFB5:
 168:Core/Src/Code/FindX.c **** 
 169:Core/Src/Code/FindX.c **** 
 170:Core/Src/Code/FindX.c **** // Callibration
 171:Core/Src/Code/FindX.c **** void FW5_Calibration(void) {
 172:Core/Src/Code/FindX.c ****   
 173:Core/Src/Code/FindX.c ****    FW5Data.Valid=0;
 174:Core/Src/Code/FindX.c ****    FW5Data.Nt = 0;
 175:Core/Src/Code/FindX.c ****    FW5Data.Work = TFW5_bStartCallibration;
 176:Core/Src/Code/FindX.c ****    FW5_Clear( );
 177:Core/Src/Code/FindX.c ****    FW5Data.Valid=0;
 178:Core/Src/Code/FindX.c ****    
 179:Core/Src/Code/FindX.c **** }
 180:Core/Src/Code/FindX.c **** 
 181:Core/Src/Code/FindX.c **** // Read
 182:Core/Src/Code/FindX.c **** void FW5_Read(void) {  
 183:Core/Src/Code/FindX.c ****   
 184:Core/Src/Code/FindX.c ****   static uint16_t i;
 185:Core/Src/Code/FindX.c ****  
 186:Core/Src/Code/FindX.c ****   switch (FW5Data.Work) {
 187:Core/Src/Code/FindX.c ****     
 188:Core/Src/Code/FindX.c ****     case TFW5_bWork :
 189:Core/Src/Code/FindX.c ****      
 190:Core/Src/Code/FindX.c ****       if (++i>TFW5_NintSet) { 
 191:Core/Src/Code/FindX.c ****         
 192:Core/Src/Code/FindX.c ****         //
 193:Core/Src/Code/FindX.c ****         i=0;
 194:Core/Src/Code/FindX.c ****         
 195:Core/Src/Code/FindX.c ****         // Read Cyclic Buffer
 196:Core/Src/Code/FindX.c ****         FW5Data.BuffCount[FW5Data.WriteIndex] = FW5Data.CountWindow; 
 197:Core/Src/Code/FindX.c **** 
 198:Core/Src/Code/FindX.c ****         FW5_Clear( );
 199:Core/Src/Code/FindX.c ****      
 200:Core/Src/Code/FindX.c ****         // Inc WriteIndex
 201:Core/Src/Code/FindX.c ****         ++FW5Data.WriteIndex;
 202:Core/Src/Code/FindX.c ****         FW5Data.WriteIndex&=TFW5_BuffClear;
 203:Core/Src/Code/FindX.c ****         
 204:Core/Src/Code/FindX.c ****         // Valid
 205:Core/Src/Code/FindX.c ****         if (FW5Data.Valid==0) {    
 206:Core/Src/Code/FindX.c ****           if (FW5Data.Nt++>TFW5_SizeOfBuff) FW5Data.Valid=1;
 207:Core/Src/Code/FindX.c ****         }
ARM GAS  C:\Users\user\AppData\Local\Temp\ccoqzHmX.s 			page 7


 208:Core/Src/Code/FindX.c ****         
 209:Core/Src/Code/FindX.c ****        }
 210:Core/Src/Code/FindX.c ****         
 211:Core/Src/Code/FindX.c ****        break;
 212:Core/Src/Code/FindX.c ****         
 213:Core/Src/Code/FindX.c ****     case TFW5_bCallibration :
 214:Core/Src/Code/FindX.c ****       
 215:Core/Src/Code/FindX.c ****         ++FW5Data.Nt;
 216:Core/Src/Code/FindX.c ****         
 217:Core/Src/Code/FindX.c ****         if (FW5Data.Nt>TFW5_Tcall) {
 218:Core/Src/Code/FindX.c ****           
 219:Core/Src/Code/FindX.c ****             // Time
 220:Core/Src/Code/FindX.c ****             FW5Data.T = (float)FW5Data.Nt;
 221:Core/Src/Code/FindX.c ****             FW5Data.T *=(float)TFW5_dt;
 222:Core/Src/Code/FindX.c ****             
 223:Core/Src/Code/FindX.c ****             // Window
 224:Core/Src/Code/FindX.c ****             FW5Data.CPS = (float)FW5Data.CountWindow;
 225:Core/Src/Code/FindX.c ****             FW5Data.CPS /= FW5Data.T;
 226:Core/Src/Code/FindX.c ****             FW5_CalculatePorog_i(TFW5_T,Find_Sigma,FW5Data.CPS,FW5Data.T);
 227:Core/Src/Code/FindX.c ****                
 228:Core/Src/Code/FindX.c ****             // Clear
 229:Core/Src/Code/FindX.c ****             if (FW5Data.Work == TFW5_bCallibration) {
 230:Core/Src/Code/FindX.c ****                   FW5_Clear( ); 
 231:Core/Src/Code/FindX.c ****                   FW5Data.Work = TFW5_bWork;
 232:Core/Src/Code/FindX.c ****                   FW5Data.Nt = 0;
 233:Core/Src/Code/FindX.c ****                   FW5Data.Valid = 0;
 234:Core/Src/Code/FindX.c ****                   FW5Data.ReadIndex  = 0;
 235:Core/Src/Code/FindX.c ****                   FW5Data.WriteIndex =  FW5Data.ReadIndex;
 236:Core/Src/Code/FindX.c ****                   i=0;
 237:Core/Src/Code/FindX.c ****             }
 238:Core/Src/Code/FindX.c ****             
 239:Core/Src/Code/FindX.c ****         } 
 240:Core/Src/Code/FindX.c ****         break;
 241:Core/Src/Code/FindX.c ****     default :
 242:Core/Src/Code/FindX.c ****         FW5Data.Valid = 0;
 243:Core/Src/Code/FindX.c ****         FW5Data.Work = TFW5_bCallibration;
 244:Core/Src/Code/FindX.c ****         FW5Data.Nt = 0;
 245:Core/Src/Code/FindX.c ****         i=0;
 246:Core/Src/Code/FindX.c ****         FW5_Clear( );
 247:Core/Src/Code/FindX.c ****     break;       
 248:Core/Src/Code/FindX.c ****   }     
 249:Core/Src/Code/FindX.c **** }
 250:Core/Src/Code/FindX.c **** 
 251:Core/Src/Code/FindX.c **** 
 252:Core/Src/Code/FindX.c **** // Clear Buff
 253:Core/Src/Code/FindX.c **** void FW5_Clear(void) {
 142              		.loc 1 253 22 is_stmt 1 view -0
 143              		.cfi_startproc
 144              		@ args = 0, pretend = 0, frame = 0
 145              		@ frame_needed = 0, uses_anonymous_args = 0
 146              		@ link register save eliminated.
 254:Core/Src/Code/FindX.c ****   // Clear Buffer
 255:Core/Src/Code/FindX.c ****   FW5Data.CountWindow=0;
 147              		.loc 1 255 3 view .LVU25
 148              		.loc 1 255 22 is_stmt 0 view .LVU26
 149 0000 014B     		ldr	r3, .L12
 150 0002 0022     		movs	r2, #0
ARM GAS  C:\Users\user\AppData\Local\Temp\ccoqzHmX.s 			page 8


 151 0004 5A60     		str	r2, [r3, #4]
 256:Core/Src/Code/FindX.c **** }
 152              		.loc 1 256 1 view .LVU27
 153 0006 7047     		bx	lr
 154              	.L13:
 155              		.align	2
 156              	.L12:
 157 0008 00000000 		.word	.LANCHOR0
 158              		.cfi_endproc
 159              	.LFE5:
 161              		.section	.text.FW5_Calibration,"ax",%progbits
 162              		.align	1
 163              		.global	FW5_Calibration
 164              		.syntax unified
 165              		.thumb
 166              		.thumb_func
 167              		.fpu softvfp
 169              	FW5_Calibration:
 170              	.LFB3:
 171:Core/Src/Code/FindX.c ****   
 171              		.loc 1 171 28 is_stmt 1 view -0
 172              		.cfi_startproc
 173              		@ args = 0, pretend = 0, frame = 0
 174              		@ frame_needed = 0, uses_anonymous_args = 0
 175 0000 38B5     		push	{r3, r4, r5, lr}
 176              		.cfi_def_cfa_offset 16
 177              		.cfi_offset 3, -16
 178              		.cfi_offset 4, -12
 179              		.cfi_offset 5, -8
 180              		.cfi_offset 14, -4
 173:Core/Src/Code/FindX.c ****    FW5Data.Nt = 0;
 181              		.loc 1 173 4 view .LVU29
 173:Core/Src/Code/FindX.c ****    FW5Data.Nt = 0;
 182              		.loc 1 173 17 is_stmt 0 view .LVU30
 183 0002 064C     		ldr	r4, .L16
 184 0004 0025     		movs	r5, #0
 185 0006 A4F89050 		strh	r5, [r4, #144]	@ movhi
 174:Core/Src/Code/FindX.c ****    FW5Data.Work = TFW5_bStartCallibration;
 186              		.loc 1 174 4 is_stmt 1 view .LVU31
 174:Core/Src/Code/FindX.c ****    FW5Data.Work = TFW5_bStartCallibration;
 187              		.loc 1 174 15 is_stmt 0 view .LVU32
 188 000a A4F88C50 		strh	r5, [r4, #140]	@ movhi
 175:Core/Src/Code/FindX.c ****    FW5_Clear( );
 189              		.loc 1 175 4 is_stmt 1 view .LVU33
 175:Core/Src/Code/FindX.c ****    FW5_Clear( );
 190              		.loc 1 175 17 is_stmt 0 view .LVU34
 191 000e 0223     		movs	r3, #2
 192 0010 2380     		strh	r3, [r4]	@ movhi
 176:Core/Src/Code/FindX.c ****    FW5Data.Valid=0;
 193              		.loc 1 176 4 is_stmt 1 view .LVU35
 194 0012 FFF7FEFF 		bl	FW5_Clear
 195              	.LVL5:
 177:Core/Src/Code/FindX.c ****    
 196              		.loc 1 177 4 view .LVU36
 177:Core/Src/Code/FindX.c ****    
 197              		.loc 1 177 17 is_stmt 0 view .LVU37
 198 0016 A4F89050 		strh	r5, [r4, #144]	@ movhi
ARM GAS  C:\Users\user\AppData\Local\Temp\ccoqzHmX.s 			page 9


 179:Core/Src/Code/FindX.c **** 
 199              		.loc 1 179 1 view .LVU38
 200 001a 38BD     		pop	{r3, r4, r5, pc}
 201              	.L17:
 202              		.align	2
 203              	.L16:
 204 001c 00000000 		.word	.LANCHOR0
 205              		.cfi_endproc
 206              	.LFE3:
 208              		.section	.text.FW5_Valid,"ax",%progbits
 209              		.align	1
 210              		.global	FW5_Valid
 211              		.syntax unified
 212              		.thumb
 213              		.thumb_func
 214              		.fpu softvfp
 216              	FW5_Valid:
 217              	.LFB6:
 257:Core/Src/Code/FindX.c **** 
 258:Core/Src/Code/FindX.c **** // Bool Find Mode 
 259:Core/Src/Code/FindX.c **** bool FW5_Valid(void) {
 218              		.loc 1 259 22 is_stmt 1 view -0
 219              		.cfi_startproc
 220              		@ args = 0, pretend = 0, frame = 0
 221              		@ frame_needed = 0, uses_anonymous_args = 0
 222              		@ link register save eliminated.
 260:Core/Src/Code/FindX.c ****  return FW5Data.Valid;   
 223              		.loc 1 260 2 view .LVU40
 224              		.loc 1 260 16 is_stmt 0 view .LVU41
 225 0000 034B     		ldr	r3, .L19
 226 0002 B3F89000 		ldrh	r0, [r3, #144]
 261:Core/Src/Code/FindX.c **** }
 227              		.loc 1 261 1 view .LVU42
 228 0006 0038     		subs	r0, r0, #0
 229 0008 18BF     		it	ne
 230 000a 0120     		movne	r0, #1
 231 000c 7047     		bx	lr
 232              	.L20:
 233 000e 00BF     		.align	2
 234              	.L19:
 235 0010 00000000 		.word	.LANCHOR0
 236              		.cfi_endproc
 237              	.LFE6:
 239              		.global	__aeabi_fmul
 240              		.global	__aeabi_fdiv
 241              		.global	__aeabi_fadd
 242              		.global	__aeabi_f2d
 243              		.global	__aeabi_dadd
 244              		.global	__aeabi_dmul
 245              		.global	__aeabi_d2f
 246              		.section	.text.FW5_CalculatePorog_i,"ax",%progbits
 247              		.align	1
 248              		.global	FW5_CalculatePorog_i
 249              		.syntax unified
 250              		.thumb
 251              		.thumb_func
 252              		.fpu softvfp
ARM GAS  C:\Users\user\AppData\Local\Temp\ccoqzHmX.s 			page 10


 254              	FW5_CalculatePorog_i:
 255              	.LVL6:
 256              	.LFB7:
 262:Core/Src/Code/FindX.c **** 
 263:Core/Src/Code/FindX.c **** 
 264:Core/Src/Code/FindX.c **** // Calibration 
 265:Core/Src/Code/FindX.c **** void FW5_CalculatePorog_i(float dt, float nSigma, float nFona_cps, float TCAL_sec) {
 257              		.loc 1 265 84 is_stmt 1 view -0
 258              		.cfi_startproc
 259              		@ args = 0, pretend = 0, frame = 8
 260              		@ frame_needed = 0, uses_anonymous_args = 0
 261              		.loc 1 265 84 is_stmt 0 view .LVU44
 262 0000 2DE9F04F 		push	{r4, r5, r6, r7, r8, r9, r10, fp, lr}
 263              		.cfi_def_cfa_offset 36
 264              		.cfi_offset 4, -36
 265              		.cfi_offset 5, -32
 266              		.cfi_offset 6, -28
 267              		.cfi_offset 7, -24
 268              		.cfi_offset 8, -20
 269              		.cfi_offset 9, -16
 270              		.cfi_offset 10, -12
 271              		.cfi_offset 11, -8
 272              		.cfi_offset 14, -4
 273 0004 83B0     		sub	sp, sp, #12
 274              		.cfi_def_cfa_offset 48
 275 0006 8146     		mov	r9, r0
 276 0008 8B46     		mov	fp, r1
 277 000a 9246     		mov	r10, r2
 278 000c 1C46     		mov	r4, r3
 266:Core/Src/Code/FindX.c ****   
 267:Core/Src/Code/FindX.c ****   uint8_t i;
 279              		.loc 1 267 3 is_stmt 1 view .LVU45
 268:Core/Src/Code/FindX.c ****   float Time;
 280              		.loc 1 268 3 view .LVU46
 269:Core/Src/Code/FindX.c ****   float K1,K2;
 281              		.loc 1 269 3 view .LVU47
 270:Core/Src/Code/FindX.c **** 
 271:Core/Src/Code/FindX.c ****   // Fon j-win; i-step.
 272:Core/Src/Code/FindX.c ****   FW5Data.Dt_nFona_cps = nFona_cps*dt;
 282              		.loc 1 272 3 view .LVU48
 283              		.loc 1 272 35 is_stmt 0 view .LVU49
 284 000e 0146     		mov	r1, r0
 285              	.LVL7:
 286              		.loc 1 272 35 view .LVU50
 287 0010 1046     		mov	r0, r2
 288              	.LVL8:
 289              		.loc 1 272 35 view .LVU51
 290 0012 FFF7FEFF 		bl	__aeabi_fmul
 291              	.LVL9:
 292              		.loc 1 272 24 view .LVU52
 293 0016 204B     		ldr	r3, .L25+8
 294 0018 9860     		str	r0, [r3, #8]	@ float
 273:Core/Src/Code/FindX.c ****  
 274:Core/Src/Code/FindX.c ****   // K2
 275:Core/Src/Code/FindX.c ****   K2 = (float)nFona_cps;
 295              		.loc 1 275 3 is_stmt 1 view .LVU53
 296              	.LVL10:
ARM GAS  C:\Users\user\AppData\Local\Temp\ccoqzHmX.s 			page 11


 276:Core/Src/Code/FindX.c ****   K2/= TCAL_sec;
 297              		.loc 1 276 3 view .LVU54
 298              		.loc 1 276 5 is_stmt 0 view .LVU55
 299 001a 2146     		mov	r1, r4
 300 001c 5046     		mov	r0, r10
 301 001e FFF7FEFF 		bl	__aeabi_fdiv
 302              	.LVL11:
 303 0022 0190     		str	r0, [sp, #4]	@ float
 304              	.LVL12:
 277:Core/Src/Code/FindX.c ****   
 278:Core/Src/Code/FindX.c ****   // Время
 279:Core/Src/Code/FindX.c ****   Time=dt;
 305              		.loc 1 279 3 is_stmt 1 view .LVU56
 280:Core/Src/Code/FindX.c ****   
 281:Core/Src/Code/FindX.c ****   for(i=0;i<TFW5_SizeOfBuff;i++) {
 306              		.loc 1 281 3 view .LVU57
 279:Core/Src/Code/FindX.c ****   
 307              		.loc 1 279 7 is_stmt 0 view .LVU58
 308 0024 4D46     		mov	r5, r9
 309              		.loc 1 281 8 view .LVU59
 310 0026 0024     		movs	r4, #0
 311              	.LVL13:
 312              		.loc 1 281 3 view .LVU60
 313 0028 2DE0     		b	.L22
 314              	.LVL14:
 315              	.L23:
 282:Core/Src/Code/FindX.c ****     
 283:Core/Src/Code/FindX.c ****       K1    = (float)nFona_cps;
 316              		.loc 1 283 7 is_stmt 1 discriminator 3 view .LVU61
 284:Core/Src/Code/FindX.c ****       K1   /= Time; 
 317              		.loc 1 284 7 discriminator 3 view .LVU62
 318              		.loc 1 284 12 is_stmt 0 discriminator 3 view .LVU63
 319 002a 2946     		mov	r1, r5
 320 002c 5046     		mov	r0, r10
 321 002e FFF7FEFF 		bl	__aeabi_fdiv
 322              	.LVL15:
 323 0032 0146     		mov	r1, r0
 324              	.LVL16:
 285:Core/Src/Code/FindX.c ****       K1   += K2;
 325              		.loc 1 285 7 is_stmt 1 discriminator 3 view .LVU64
 326              		.loc 1 285 12 is_stmt 0 discriminator 3 view .LVU65
 327 0034 0198     		ldr	r0, [sp, #4]	@ float
 328              	.LVL17:
 329              		.loc 1 285 12 discriminator 3 view .LVU66
 330 0036 FFF7FEFF 		bl	__aeabi_fadd
 331              	.LVL18:
 286:Core/Src/Code/FindX.c ****       K1    = ssqrt(K1);
 332              		.loc 1 286 7 is_stmt 1 discriminator 3 view .LVU67
 333              		.loc 1 286 15 is_stmt 0 discriminator 3 view .LVU68
 334 003a FFF7FEFF 		bl	ssqrt
 335              	.LVL19:
 336              		.loc 1 286 15 discriminator 3 view .LVU69
 337 003e 8046     		mov	r8, r0
 338              	.LVL20:
 287:Core/Src/Code/FindX.c ****       K1   *= (nSigma+0.1);
 339              		.loc 1 287 7 is_stmt 1 discriminator 3 view .LVU70
 340              		.loc 1 287 22 is_stmt 0 discriminator 3 view .LVU71
ARM GAS  C:\Users\user\AppData\Local\Temp\ccoqzHmX.s 			page 12


 341 0040 5846     		mov	r0, fp
 342              	.LVL21:
 343              		.loc 1 287 22 discriminator 3 view .LVU72
 344 0042 FFF7FEFF 		bl	__aeabi_f2d
 345              	.LVL22:
 346 0046 12A3     		adr	r3, .L25
 347 0048 D3E90023 		ldrd	r2, [r3]
 348 004c FFF7FEFF 		bl	__aeabi_dadd
 349              	.LVL23:
 350 0050 0646     		mov	r6, r0
 351 0052 0F46     		mov	r7, r1
 352              		.loc 1 287 12 discriminator 3 view .LVU73
 353 0054 4046     		mov	r0, r8
 354 0056 FFF7FEFF 		bl	__aeabi_f2d
 355              	.LVL24:
 356 005a 3246     		mov	r2, r6
 357 005c 3B46     		mov	r3, r7
 358 005e FFF7FEFF 		bl	__aeabi_dmul
 359              	.LVL25:
 360 0062 FFF7FEFF 		bl	__aeabi_d2f
 361              	.LVL26:
 362 0066 0146     		mov	r1, r0
 363              	.LVL27:
 288:Core/Src/Code/FindX.c ****       K1   *= dt;
 364              		.loc 1 288 7 is_stmt 1 discriminator 3 view .LVU74
 365              		.loc 1 288 12 is_stmt 0 discriminator 3 view .LVU75
 366 0068 4846     		mov	r0, r9
 367              	.LVL28:
 368              		.loc 1 288 12 discriminator 3 view .LVU76
 369 006a FFF7FEFF 		bl	__aeabi_fmul
 370              	.LVL29:
 289:Core/Src/Code/FindX.c ****       
 290:Core/Src/Code/FindX.c ****       FW5Data.Dt_RF_PorogCPS[i]=K1;
 371              		.loc 1 290 7 is_stmt 1 discriminator 3 view .LVU77
 372              		.loc 1 290 32 is_stmt 0 discriminator 3 view .LVU78
 373 006e A21C     		adds	r2, r4, #2
 374 0070 094B     		ldr	r3, .L25+8
 375 0072 03EB8203 		add	r3, r3, r2, lsl #2
 376 0076 5860     		str	r0, [r3, #4]	@ float
 291:Core/Src/Code/FindX.c ****       
 292:Core/Src/Code/FindX.c ****       // Next Step
 293:Core/Src/Code/FindX.c ****       Time += dt;
 377              		.loc 1 293 7 is_stmt 1 discriminator 3 view .LVU79
 378              		.loc 1 293 12 is_stmt 0 discriminator 3 view .LVU80
 379 0078 4946     		mov	r1, r9
 380 007a 2846     		mov	r0, r5
 381              	.LVL30:
 382              		.loc 1 293 12 discriminator 3 view .LVU81
 383 007c FFF7FEFF 		bl	__aeabi_fadd
 384              	.LVL31:
 385              		.loc 1 293 12 discriminator 3 view .LVU82
 386 0080 0546     		mov	r5, r0
 387              	.LVL32:
 281:Core/Src/Code/FindX.c ****     
 388              		.loc 1 281 29 is_stmt 1 discriminator 3 view .LVU83
 281:Core/Src/Code/FindX.c ****     
 389              		.loc 1 281 30 is_stmt 0 discriminator 3 view .LVU84
ARM GAS  C:\Users\user\AppData\Local\Temp\ccoqzHmX.s 			page 13


 390 0082 0134     		adds	r4, r4, #1
 391              	.LVL33:
 281:Core/Src/Code/FindX.c ****     
 392              		.loc 1 281 30 discriminator 3 view .LVU85
 393 0084 E4B2     		uxtb	r4, r4
 394              	.LVL34:
 395              	.L22:
 281:Core/Src/Code/FindX.c ****     
 396              		.loc 1 281 11 is_stmt 1 discriminator 1 view .LVU86
 281:Core/Src/Code/FindX.c ****     
 397              		.loc 1 281 3 is_stmt 0 discriminator 1 view .LVU87
 398 0086 0F2C     		cmp	r4, #15
 399 0088 CFD9     		bls	.L23
 294:Core/Src/Code/FindX.c ****   }
 295:Core/Src/Code/FindX.c ****   
 296:Core/Src/Code/FindX.c **** }
 400              		.loc 1 296 1 view .LVU88
 401 008a 03B0     		add	sp, sp, #12
 402              		.cfi_def_cfa_offset 36
 403              		@ sp needed
 404 008c BDE8F08F 		pop	{r4, r5, r6, r7, r8, r9, r10, fp, pc}
 405              	.LVL35:
 406              	.L26:
 407              		.loc 1 296 1 view .LVU89
 408              		.align	3
 409              	.L25:
 410 0090 9A999999 		.word	-1717986918
 411 0094 9999B93F 		.word	1069128089
 412 0098 00000000 		.word	.LANCHOR0
 413              		.cfi_endproc
 414              	.LFE7:
 416              		.global	__aeabi_ui2f
 417              		.section	.text.FW5_Read,"ax",%progbits
 418              		.align	1
 419              		.global	FW5_Read
 420              		.syntax unified
 421              		.thumb
 422              		.thumb_func
 423              		.fpu softvfp
 425              	FW5_Read:
 426              	.LFB4:
 182:Core/Src/Code/FindX.c ****   
 427              		.loc 1 182 21 is_stmt 1 view -0
 428              		.cfi_startproc
 429              		@ args = 0, pretend = 0, frame = 0
 430              		@ frame_needed = 0, uses_anonymous_args = 0
 431 0000 38B5     		push	{r3, r4, r5, lr}
 432              		.cfi_def_cfa_offset 16
 433              		.cfi_offset 3, -16
 434              		.cfi_offset 4, -12
 435              		.cfi_offset 5, -8
 436              		.cfi_offset 14, -4
 184:Core/Src/Code/FindX.c ****  
 437              		.loc 1 184 3 view .LVU91
 186:Core/Src/Code/FindX.c ****     
 438              		.loc 1 186 3 view .LVU92
 186:Core/Src/Code/FindX.c ****     
ARM GAS  C:\Users\user\AppData\Local\Temp\ccoqzHmX.s 			page 14


 439              		.loc 1 186 18 is_stmt 0 view .LVU93
 440 0002 3C4B     		ldr	r3, .L32
 441 0004 1B88     		ldrh	r3, [r3]
 186:Core/Src/Code/FindX.c ****     
 442              		.loc 1 186 3 view .LVU94
 443 0006 73B3     		cbz	r3, .L28
 444 0008 012B     		cmp	r3, #1
 445 000a 67D1     		bne	.L29
 190:Core/Src/Code/FindX.c ****         
 446              		.loc 1 190 7 is_stmt 1 view .LVU95
 190:Core/Src/Code/FindX.c ****         
 447              		.loc 1 190 11 is_stmt 0 view .LVU96
 448 000c 3A4A     		ldr	r2, .L32+4
 449 000e 1388     		ldrh	r3, [r2]
 450 0010 0133     		adds	r3, r3, #1
 451 0012 9BB2     		uxth	r3, r3
 190:Core/Src/Code/FindX.c ****         
 452              		.loc 1 190 10 view .LVU97
 453 0014 1380     		strh	r3, [r2]	@ movhi
 454 0016 002B     		cmp	r3, #0
 455 0018 6BD0     		beq	.L27
 193:Core/Src/Code/FindX.c ****         
 456              		.loc 1 193 9 is_stmt 1 view .LVU98
 193:Core/Src/Code/FindX.c ****         
 457              		.loc 1 193 10 is_stmt 0 view .LVU99
 458 001a 1346     		mov	r3, r2
 459 001c 0022     		movs	r2, #0
 460 001e 1A80     		strh	r2, [r3]	@ movhi
 196:Core/Src/Code/FindX.c **** 
 461              		.loc 1 196 9 is_stmt 1 view .LVU100
 196:Core/Src/Code/FindX.c **** 
 462              		.loc 1 196 34 is_stmt 0 view .LVU101
 463 0020 344C     		ldr	r4, .L32
 464 0022 94F88E30 		ldrb	r3, [r4, #142]	@ zero_extendqisi2
 196:Core/Src/Code/FindX.c **** 
 465              		.loc 1 196 56 view .LVU102
 466 0026 6268     		ldr	r2, [r4, #4]
 196:Core/Src/Code/FindX.c **** 
 467              		.loc 1 196 47 view .LVU103
 468 0028 1233     		adds	r3, r3, #18
 469 002a 04EB8303 		add	r3, r4, r3, lsl #2
 470 002e 5A60     		str	r2, [r3, #4]
 198:Core/Src/Code/FindX.c ****      
 471              		.loc 1 198 9 is_stmt 1 view .LVU104
 472 0030 FFF7FEFF 		bl	FW5_Clear
 473              	.LVL36:
 201:Core/Src/Code/FindX.c ****         FW5Data.WriteIndex&=TFW5_BuffClear;
 474              		.loc 1 201 9 view .LVU105
 201:Core/Src/Code/FindX.c ****         FW5Data.WriteIndex&=TFW5_BuffClear;
 475              		.loc 1 201 18 is_stmt 0 view .LVU106
 476 0034 94F88E30 		ldrb	r3, [r4, #142]	@ zero_extendqisi2
 201:Core/Src/Code/FindX.c ****         FW5Data.WriteIndex&=TFW5_BuffClear;
 477              		.loc 1 201 9 view .LVU107
 478 0038 0133     		adds	r3, r3, #1
 479 003a DBB2     		uxtb	r3, r3
 480 003c 84F88E30 		strb	r3, [r4, #142]
 202:Core/Src/Code/FindX.c ****         
ARM GAS  C:\Users\user\AppData\Local\Temp\ccoqzHmX.s 			page 15


 481              		.loc 1 202 9 is_stmt 1 view .LVU108
 202:Core/Src/Code/FindX.c ****         
 482              		.loc 1 202 27 is_stmt 0 view .LVU109
 483 0040 03F00F03 		and	r3, r3, #15
 484 0044 84F88E30 		strb	r3, [r4, #142]
 205:Core/Src/Code/FindX.c ****           if (FW5Data.Nt++>TFW5_SizeOfBuff) FW5Data.Valid=1;
 485              		.loc 1 205 9 is_stmt 1 view .LVU110
 205:Core/Src/Code/FindX.c ****           if (FW5Data.Nt++>TFW5_SizeOfBuff) FW5Data.Valid=1;
 486              		.loc 1 205 20 is_stmt 0 view .LVU111
 487 0048 B4F89030 		ldrh	r3, [r4, #144]
 205:Core/Src/Code/FindX.c ****           if (FW5Data.Nt++>TFW5_SizeOfBuff) FW5Data.Valid=1;
 488              		.loc 1 205 12 view .LVU112
 489 004c 002B     		cmp	r3, #0
 490 004e 50D1     		bne	.L27
 206:Core/Src/Code/FindX.c ****         }
 491              		.loc 1 206 11 is_stmt 1 view .LVU113
 206:Core/Src/Code/FindX.c ****         }
 492              		.loc 1 206 22 is_stmt 0 view .LVU114
 493 0050 B4F88C30 		ldrh	r3, [r4, #140]
 206:Core/Src/Code/FindX.c ****         }
 494              		.loc 1 206 25 view .LVU115
 495 0054 591C     		adds	r1, r3, #1
 496 0056 A4F88C10 		strh	r1, [r4, #140]	@ movhi
 206:Core/Src/Code/FindX.c ****         }
 497              		.loc 1 206 14 view .LVU116
 498 005a 102B     		cmp	r3, #16
 499 005c 49D9     		bls	.L27
 206:Core/Src/Code/FindX.c ****         }
 500              		.loc 1 206 45 is_stmt 1 discriminator 1 view .LVU117
 206:Core/Src/Code/FindX.c ****         }
 501              		.loc 1 206 58 is_stmt 0 discriminator 1 view .LVU118
 502 005e 0122     		movs	r2, #1
 503 0060 A4F89020 		strh	r2, [r4, #144]	@ movhi
 504 0064 45E0     		b	.L27
 505              	.L28:
 215:Core/Src/Code/FindX.c ****         
 506              		.loc 1 215 9 is_stmt 1 view .LVU119
 215:Core/Src/Code/FindX.c ****         
 507              		.loc 1 215 18 is_stmt 0 view .LVU120
 508 0066 234B     		ldr	r3, .L32
 509 0068 B3F88C00 		ldrh	r0, [r3, #140]
 215:Core/Src/Code/FindX.c ****         
 510              		.loc 1 215 9 view .LVU121
 511 006c 0130     		adds	r0, r0, #1
 512 006e 80B2     		uxth	r0, r0
 513 0070 A3F88C00 		strh	r0, [r3, #140]	@ movhi
 217:Core/Src/Code/FindX.c ****           
 514              		.loc 1 217 9 is_stmt 1 view .LVU122
 217:Core/Src/Code/FindX.c ****           
 515              		.loc 1 217 23 is_stmt 0 view .LVU123
 516 0074 214B     		ldr	r3, .L32+8
 517 0076 1B88     		ldrh	r3, [r3]
 217:Core/Src/Code/FindX.c ****           
 518              		.loc 1 217 12 view .LVU124
 519 0078 9842     		cmp	r0, r3
 520 007a 3AD9     		bls	.L27
 220:Core/Src/Code/FindX.c ****             FW5Data.T *=(float)TFW5_dt;
ARM GAS  C:\Users\user\AppData\Local\Temp\ccoqzHmX.s 			page 16


 521              		.loc 1 220 13 is_stmt 1 view .LVU125
 220:Core/Src/Code/FindX.c ****             FW5Data.T *=(float)TFW5_dt;
 522              		.loc 1 220 25 is_stmt 0 view .LVU126
 523 007c FFF7FEFF 		bl	__aeabi_ui2f
 524              	.LVL37:
 220:Core/Src/Code/FindX.c ****             FW5Data.T *=(float)TFW5_dt;
 525              		.loc 1 220 23 view .LVU127
 526 0080 1C4C     		ldr	r4, .L32
 527 0082 C4F89800 		str	r0, [r4, #152]	@ float
 221:Core/Src/Code/FindX.c ****             
 528              		.loc 1 221 13 is_stmt 1 view .LVU128
 221:Core/Src/Code/FindX.c ****             
 529              		.loc 1 221 23 is_stmt 0 view .LVU129
 530 0086 4FF07A51 		mov	r1, #1048576000
 531 008a FFF7FEFF 		bl	__aeabi_fmul
 532              	.LVL38:
 533 008e 0546     		mov	r5, r0
 534 0090 C4F89800 		str	r0, [r4, #152]	@ float
 224:Core/Src/Code/FindX.c ****             FW5Data.CPS /= FW5Data.T;
 535              		.loc 1 224 13 is_stmt 1 view .LVU130
 224:Core/Src/Code/FindX.c ****             FW5Data.CPS /= FW5Data.T;
 536              		.loc 1 224 27 is_stmt 0 view .LVU131
 537 0094 6068     		ldr	r0, [r4, #4]
 538 0096 FFF7FEFF 		bl	__aeabi_ui2f
 539              	.LVL39:
 224:Core/Src/Code/FindX.c ****             FW5Data.CPS /= FW5Data.T;
 540              		.loc 1 224 25 view .LVU132
 541 009a C4F89400 		str	r0, [r4, #148]	@ float
 225:Core/Src/Code/FindX.c ****             FW5_CalculatePorog_i(TFW5_T,Find_Sigma,FW5Data.CPS,FW5Data.T);
 542              		.loc 1 225 13 is_stmt 1 view .LVU133
 225:Core/Src/Code/FindX.c ****             FW5_CalculatePorog_i(TFW5_T,Find_Sigma,FW5Data.CPS,FW5Data.T);
 543              		.loc 1 225 25 is_stmt 0 view .LVU134
 544 009e 2946     		mov	r1, r5
 545 00a0 FFF7FEFF 		bl	__aeabi_fdiv
 546              	.LVL40:
 547 00a4 0246     		mov	r2, r0
 548 00a6 C4F89400 		str	r0, [r4, #148]	@ float
 226:Core/Src/Code/FindX.c ****                
 549              		.loc 1 226 13 is_stmt 1 view .LVU135
 550 00aa 2B46     		mov	r3, r5
 551 00ac 1449     		ldr	r1, .L32+12
 552 00ae 0968     		ldr	r1, [r1]	@ float
 553 00b0 4FF07A50 		mov	r0, #1048576000
 554 00b4 FFF7FEFF 		bl	FW5_CalculatePorog_i
 555              	.LVL41:
 229:Core/Src/Code/FindX.c ****                   FW5_Clear( ); 
 556              		.loc 1 229 13 view .LVU136
 229:Core/Src/Code/FindX.c ****                   FW5_Clear( ); 
 557              		.loc 1 229 24 is_stmt 0 view .LVU137
 558 00b8 2388     		ldrh	r3, [r4]
 229:Core/Src/Code/FindX.c ****                   FW5_Clear( ); 
 559              		.loc 1 229 16 view .LVU138
 560 00ba D3B9     		cbnz	r3, .L27
 230:Core/Src/Code/FindX.c ****                   FW5Data.Work = TFW5_bWork;
 561              		.loc 1 230 19 is_stmt 1 view .LVU139
 562 00bc FFF7FEFF 		bl	FW5_Clear
 563              	.LVL42:
ARM GAS  C:\Users\user\AppData\Local\Temp\ccoqzHmX.s 			page 17


 231:Core/Src/Code/FindX.c ****                   FW5Data.Nt = 0;
 564              		.loc 1 231 19 view .LVU140
 231:Core/Src/Code/FindX.c ****                   FW5Data.Nt = 0;
 565              		.loc 1 231 32 is_stmt 0 view .LVU141
 566 00c0 0123     		movs	r3, #1
 567 00c2 2380     		strh	r3, [r4]	@ movhi
 232:Core/Src/Code/FindX.c ****                   FW5Data.Valid = 0;
 568              		.loc 1 232 19 is_stmt 1 view .LVU142
 232:Core/Src/Code/FindX.c ****                   FW5Data.Valid = 0;
 569              		.loc 1 232 30 is_stmt 0 view .LVU143
 570 00c4 0023     		movs	r3, #0
 571 00c6 A4F88C30 		strh	r3, [r4, #140]	@ movhi
 233:Core/Src/Code/FindX.c ****                   FW5Data.ReadIndex  = 0;
 572              		.loc 1 233 19 is_stmt 1 view .LVU144
 233:Core/Src/Code/FindX.c ****                   FW5Data.ReadIndex  = 0;
 573              		.loc 1 233 33 is_stmt 0 view .LVU145
 574 00ca A4F89030 		strh	r3, [r4, #144]	@ movhi
 234:Core/Src/Code/FindX.c ****                   FW5Data.WriteIndex =  FW5Data.ReadIndex;
 575              		.loc 1 234 19 is_stmt 1 view .LVU146
 234:Core/Src/Code/FindX.c ****                   FW5Data.WriteIndex =  FW5Data.ReadIndex;
 576              		.loc 1 234 38 is_stmt 0 view .LVU147
 577 00ce 84F88F30 		strb	r3, [r4, #143]
 235:Core/Src/Code/FindX.c ****                   i=0;
 578              		.loc 1 235 19 is_stmt 1 view .LVU148
 235:Core/Src/Code/FindX.c ****                   i=0;
 579              		.loc 1 235 38 is_stmt 0 view .LVU149
 580 00d2 84F88E30 		strb	r3, [r4, #142]
 236:Core/Src/Code/FindX.c ****             }
 581              		.loc 1 236 19 is_stmt 1 view .LVU150
 236:Core/Src/Code/FindX.c ****             }
 582              		.loc 1 236 20 is_stmt 0 view .LVU151
 583 00d6 084A     		ldr	r2, .L32+4
 584 00d8 1380     		strh	r3, [r2]	@ movhi
 585 00da 0AE0     		b	.L27
 586              	.L29:
 242:Core/Src/Code/FindX.c ****         FW5Data.Work = TFW5_bCallibration;
 587              		.loc 1 242 9 is_stmt 1 view .LVU152
 242:Core/Src/Code/FindX.c ****         FW5Data.Work = TFW5_bCallibration;
 588              		.loc 1 242 23 is_stmt 0 view .LVU153
 589 00dc 054A     		ldr	r2, .L32
 590 00de 0023     		movs	r3, #0
 591 00e0 A2F89030 		strh	r3, [r2, #144]	@ movhi
 243:Core/Src/Code/FindX.c ****         FW5Data.Nt = 0;
 592              		.loc 1 243 9 is_stmt 1 view .LVU154
 243:Core/Src/Code/FindX.c ****         FW5Data.Nt = 0;
 593              		.loc 1 243 22 is_stmt 0 view .LVU155
 594 00e4 1380     		strh	r3, [r2]	@ movhi
 244:Core/Src/Code/FindX.c ****         i=0;
 595              		.loc 1 244 9 is_stmt 1 view .LVU156
 244:Core/Src/Code/FindX.c ****         i=0;
 596              		.loc 1 244 20 is_stmt 0 view .LVU157
 597 00e6 A2F88C30 		strh	r3, [r2, #140]	@ movhi
 245:Core/Src/Code/FindX.c ****         FW5_Clear( );
 598              		.loc 1 245 9 is_stmt 1 view .LVU158
 245:Core/Src/Code/FindX.c ****         FW5_Clear( );
 599              		.loc 1 245 10 is_stmt 0 view .LVU159
 600 00ea 034A     		ldr	r2, .L32+4
ARM GAS  C:\Users\user\AppData\Local\Temp\ccoqzHmX.s 			page 18


 601 00ec 1380     		strh	r3, [r2]	@ movhi
 246:Core/Src/Code/FindX.c ****     break;       
 602              		.loc 1 246 9 is_stmt 1 view .LVU160
 603 00ee FFF7FEFF 		bl	FW5_Clear
 604              	.LVL43:
 247:Core/Src/Code/FindX.c ****   }     
 605              		.loc 1 247 5 view .LVU161
 606              	.L27:
 249:Core/Src/Code/FindX.c **** 
 607              		.loc 1 249 1 is_stmt 0 view .LVU162
 608 00f2 38BD     		pop	{r3, r4, r5, pc}
 609              	.L33:
 610              		.align	2
 611              	.L32:
 612 00f4 00000000 		.word	.LANCHOR0
 613 00f8 00000000 		.word	.LANCHOR3
 614 00fc 00000000 		.word	.LANCHOR1
 615 0100 00000000 		.word	.LANCHOR2
 616              		.cfi_endproc
 617              	.LFE4:
 619              		.global	__aeabi_i2f
 620              		.global	__aeabi_fcmpgt
 621              		.global	__aeabi_fsub
 622              		.section	.text.FW5_Find,"ax",%progbits
 623              		.align	1
 624              		.global	FW5_Find
 625              		.syntax unified
 626              		.thumb
 627              		.thumb_func
 628              		.fpu softvfp
 630              	FW5_Find:
 631              	.LVL44:
 632              	.LFB8:
 297:Core/Src/Code/FindX.c **** 
 298:Core/Src/Code/FindX.c **** 
 299:Core/Src/Code/FindX.c **** // Поисковый алгоритм       
 300:Core/Src/Code/FindX.c **** void FW5_Find(uint16_t *Out, float *CRM) {
 633              		.loc 1 300 42 is_stmt 1 view -0
 634              		.cfi_startproc
 635              		@ args = 0, pretend = 0, frame = 8
 636              		@ frame_needed = 0, uses_anonymous_args = 0
 637              		.loc 1 300 42 is_stmt 0 view .LVU164
 638 0000 2DE9F04F 		push	{r4, r5, r6, r7, r8, r9, r10, fp, lr}
 639              		.cfi_def_cfa_offset 36
 640              		.cfi_offset 4, -36
 641              		.cfi_offset 5, -32
 642              		.cfi_offset 6, -28
 643              		.cfi_offset 7, -24
 644              		.cfi_offset 8, -20
 645              		.cfi_offset 9, -16
 646              		.cfi_offset 10, -12
 647              		.cfi_offset 11, -8
 648              		.cfi_offset 14, -4
 649 0004 83B0     		sub	sp, sp, #12
 650              		.cfi_def_cfa_offset 48
 651 0006 0090     		str	r0, [sp]
 652 0008 0191     		str	r1, [sp, #4]
ARM GAS  C:\Users\user\AppData\Local\Temp\ccoqzHmX.s 			page 19


 301:Core/Src/Code/FindX.c ****   
 302:Core/Src/Code/FindX.c ****  uint8_t i;
 653              		.loc 1 302 2 is_stmt 1 view .LVU165
 303:Core/Src/Code/FindX.c ****  uint8_t ReadIndex; 
 654              		.loc 1 303 2 view .LVU166
 304:Core/Src/Code/FindX.c ****  uint32_t Ni;
 655              		.loc 1 304 2 view .LVU167
 305:Core/Src/Code/FindX.c ****  uint32_t SNi;
 656              		.loc 1 305 2 view .LVU168
 306:Core/Src/Code/FindX.c ****  uint32_t Result;
 657              		.loc 1 306 2 view .LVU169
 307:Core/Src/Code/FindX.c ****  uint16_t  TimeMask;
 658              		.loc 1 307 2 view .LVU170
 308:Core/Src/Code/FindX.c ****  uint16_t  IndexResult;
 659              		.loc 1 308 2 view .LVU171
 309:Core/Src/Code/FindX.c ****  
 310:Core/Src/Code/FindX.c ****  static uint16_t  SDTi;
 660              		.loc 1 310 2 view .LVU172
 311:Core/Src/Code/FindX.c ****  static float  Sours_cpsi;
 661              		.loc 1 311 2 view .LVU173
 312:Core/Src/Code/FindX.c ****  static float  Porog_cpsi;
 662              		.loc 1 312 2 view .LVU174
 313:Core/Src/Code/FindX.c ****  static float  K, Kmax;
 663              		.loc 1 313 2 view .LVU175
 314:Core/Src/Code/FindX.c ****  
 315:Core/Src/Code/FindX.c ****  
 316:Core/Src/Code/FindX.c ****  // Чтение данных 
 317:Core/Src/Code/FindX.c ****  ReadIndex  = FW5Data.ReadIndex;
 664              		.loc 1 317 2 view .LVU176
 665              	.LVL45:
 318:Core/Src/Code/FindX.c ****   
 319:Core/Src/Code/FindX.c ****  // Инициализация алгоритма
 320:Core/Src/Code/FindX.c ****  Result=0; SNi=0; SDTi=1; K=0; Kmax=0;
 666              		.loc 1 320 2 view .LVU177
 667              		.loc 1 320 12 view .LVU178
 668              		.loc 1 320 19 view .LVU179
 669              		.loc 1 320 23 is_stmt 0 view .LVU180
 670 000a 0125     		movs	r5, #1
 671 000c 434B     		ldr	r3, .L48
 672 000e 1D80     		strh	r5, [r3]	@ movhi
 673              		.loc 1 320 27 is_stmt 1 view .LVU181
 674              		.loc 1 320 28 is_stmt 0 view .LVU182
 675 0010 0023     		movs	r3, #0
 676 0012 434A     		ldr	r2, .L48+4
 677 0014 1360     		str	r3, [r2]	@ float
 678              		.loc 1 320 32 is_stmt 1 view .LVU183
 679              		.loc 1 320 36 is_stmt 0 view .LVU184
 680 0016 434A     		ldr	r2, .L48+8
 681 0018 1360     		str	r3, [r2]	@ float
 321:Core/Src/Code/FindX.c ****  
 322:Core/Src/Code/FindX.c ****  // Анализ первой ячейки интегрирования
 323:Core/Src/Code/FindX.c ****  IndexResult=1; 
 682              		.loc 1 323 2 is_stmt 1 view .LVU185
 683              	.LVL46:
 324:Core/Src/Code/FindX.c ****  TimeMask=iMaskFind; 
 684              		.loc 1 324 2 view .LVU186
 325:Core/Src/Code/FindX.c ****  
ARM GAS  C:\Users\user\AppData\Local\Temp\ccoqzHmX.s 			page 20


 326:Core/Src/Code/FindX.c ****  // Расчет
 327:Core/Src/Code/FindX.c ****  for (i=0;i<TFW5_SizeOfBuff;i++) {
 685              		.loc 1 327 2 view .LVU187
 324:Core/Src/Code/FindX.c ****  TimeMask=iMaskFind; 
 686              		.loc 1 324 10 is_stmt 0 view .LVU188
 687 001a 4FF6FF76 		movw	r6, #65535
 320:Core/Src/Code/FindX.c ****  
 688              		.loc 1 320 8 view .LVU189
 689 001e 4FF0000B 		mov	fp, #0
 320:Core/Src/Code/FindX.c ****  
 690              		.loc 1 320 15 view .LVU190
 691 0022 5F46     		mov	r7, fp
 692              		.loc 1 327 8 view .LVU191
 693 0024 5C46     		mov	r4, fp
 694              		.loc 1 327 2 view .LVU192
 695 0026 0BE0     		b	.L35
 696              	.LVL47:
 697              	.L42:
 328:Core/Src/Code/FindX.c ****    
 329:Core/Src/Code/FindX.c ****       // Расчет индекса 
 330:Core/Src/Code/FindX.c ****       --ReadIndex; 
 331:Core/Src/Code/FindX.c ****       ReadIndex &=TFW5_BuffClear;
 332:Core/Src/Code/FindX.c ****       
 333:Core/Src/Code/FindX.c ****       // Ni
 334:Core/Src/Code/FindX.c ****       Ni=FW5Data.BuffCount[i];
 335:Core/Src/Code/FindX.c ****       
 336:Core/Src/Code/FindX.c ****       // SNi
 337:Core/Src/Code/FindX.c ****       SNi+=Ni;
 338:Core/Src/Code/FindX.c ****       
 339:Core/Src/Code/FindX.c ****       // Time Mask 
 340:Core/Src/Code/FindX.c ****       if (TimeMask&0x0001) { // Maska
 341:Core/Src/Code/FindX.c ****         
 342:Core/Src/Code/FindX.c ****       // Сравнение с порогом
 343:Core/Src/Code/FindX.c ****       if (SNi>4) {
 344:Core/Src/Code/FindX.c ****               // Расчет Sours_cpsi  
 345:Core/Src/Code/FindX.c ****               Sours_cpsi = (float)SNi;
 346:Core/Src/Code/FindX.c ****               Sours_cpsi /= SDTi; 
 347:Core/Src/Code/FindX.c ****               if (Sours_cpsi > FW5Data.Dt_nFona_cps) {
 348:Core/Src/Code/FindX.c ****                   // Вычитание фона
 349:Core/Src/Code/FindX.c ****                   Sours_cpsi -= FW5Data.Dt_nFona_cps;
 350:Core/Src/Code/FindX.c ****                   // Porog
 351:Core/Src/Code/FindX.c ****                   Porog_cpsi = FW5Data.Dt_RF_PorogCPS[i];
 352:Core/Src/Code/FindX.c ****                   Porog_cpsi *= (SNi>120) ? Kst[120] : Kst[SNi];
 698              		.loc 1 352 54 view .LVU193
 699 0028 4FF07E51 		mov	r1, #1065353216
 700 002c 46E0     		b	.L38
 701              	.L36:
 353:Core/Src/Code/FindX.c ****                   //  Сравнение с порогом   
 354:Core/Src/Code/FindX.c ****                   if (Sours_cpsi>Porog_cpsi) { 
 355:Core/Src/Code/FindX.c ****                     // Данные по превышению  
 356:Core/Src/Code/FindX.c ****                     Result |=IndexResult;
 357:Core/Src/Code/FindX.c ****                     // Максимальное значение превышения скорости счета
 358:Core/Src/Code/FindX.c ****                     if ((Result&8)==8) {
 359:Core/Src/Code/FindX.c ****                           K  = (float) Sours_cpsi;
 360:Core/Src/Code/FindX.c ****                           K /= Porog_cpsi;
 361:Core/Src/Code/FindX.c ****                           if (K>Kmax) Kmax = K;   
 362:Core/Src/Code/FindX.c ****                     } // Buzer
ARM GAS  C:\Users\user\AppData\Local\Temp\ccoqzHmX.s 			page 21


 363:Core/Src/Code/FindX.c ****                   }  // >Porog 
 364:Core/Src/Code/FindX.c ****               } // > Fon[j], j-окно  
 365:Core/Src/Code/FindX.c ****           } // SNi>4
 366:Core/Src/Code/FindX.c ****       } // Maska
 367:Core/Src/Code/FindX.c ****       
 368:Core/Src/Code/FindX.c ****       // Следующая ячейка интегрирования
 369:Core/Src/Code/FindX.c ****       SDTi +=1;
 702              		.loc 1 369 7 is_stmt 1 discriminator 2 view .LVU194
 703              		.loc 1 369 12 is_stmt 0 discriminator 2 view .LVU195
 704 002e 3B4A     		ldr	r2, .L48
 705 0030 1388     		ldrh	r3, [r2]
 706 0032 0133     		adds	r3, r3, #1
 707 0034 1380     		strh	r3, [r2]	@ movhi
 370:Core/Src/Code/FindX.c ****       TimeMask>>=1;
 708              		.loc 1 370 7 is_stmt 1 discriminator 2 view .LVU196
 709              		.loc 1 370 15 is_stmt 0 discriminator 2 view .LVU197
 710 0036 7608     		lsrs	r6, r6, #1
 711              	.LVL48:
 371:Core/Src/Code/FindX.c ****       IndexResult<<=1; 
 712              		.loc 1 371 7 is_stmt 1 discriminator 2 view .LVU198
 713              		.loc 1 371 18 is_stmt 0 discriminator 2 view .LVU199
 714 0038 6D00     		lsls	r5, r5, #1
 715              	.LVL49:
 716              		.loc 1 371 18 discriminator 2 view .LVU200
 717 003a ADB2     		uxth	r5, r5
 718              	.LVL50:
 327:Core/Src/Code/FindX.c ****    
 719              		.loc 1 327 29 is_stmt 1 discriminator 2 view .LVU201
 327:Core/Src/Code/FindX.c ****    
 720              		.loc 1 327 30 is_stmt 0 discriminator 2 view .LVU202
 721 003c 0134     		adds	r4, r4, #1
 722              	.LVL51:
 327:Core/Src/Code/FindX.c ****    
 723              		.loc 1 327 30 discriminator 2 view .LVU203
 724 003e E4B2     		uxtb	r4, r4
 725              	.LVL52:
 726              	.L35:
 327:Core/Src/Code/FindX.c ****    
 727              		.loc 1 327 11 is_stmt 1 discriminator 1 view .LVU204
 327:Core/Src/Code/FindX.c ****    
 728              		.loc 1 327 2 is_stmt 0 discriminator 1 view .LVU205
 729 0040 0F2C     		cmp	r4, #15
 730 0042 60D8     		bhi	.L47
 330:Core/Src/Code/FindX.c ****       ReadIndex &=TFW5_BuffClear;
 731              		.loc 1 330 7 is_stmt 1 view .LVU206
 331:Core/Src/Code/FindX.c ****       
 732              		.loc 1 331 7 view .LVU207
 334:Core/Src/Code/FindX.c ****       
 733              		.loc 1 334 7 view .LVU208
 334:Core/Src/Code/FindX.c ****       
 734              		.loc 1 334 9 is_stmt 0 view .LVU209
 735 0044 04F11203 		add	r3, r4, #18
 736 0048 374A     		ldr	r2, .L48+12
 737 004a 02EB8303 		add	r3, r2, r3, lsl #2
 738 004e 5B68     		ldr	r3, [r3, #4]
 739              	.LVL53:
 337:Core/Src/Code/FindX.c ****       
ARM GAS  C:\Users\user\AppData\Local\Temp\ccoqzHmX.s 			page 22


 740              		.loc 1 337 7 is_stmt 1 view .LVU210
 337:Core/Src/Code/FindX.c ****       
 741              		.loc 1 337 10 is_stmt 0 view .LVU211
 742 0050 1F44     		add	r7, r7, r3
 743              	.LVL54:
 340:Core/Src/Code/FindX.c ****         
 744              		.loc 1 340 7 is_stmt 1 view .LVU212
 340:Core/Src/Code/FindX.c ****         
 745              		.loc 1 340 10 is_stmt 0 view .LVU213
 746 0052 16F0010F 		tst	r6, #1
 747 0056 EAD0     		beq	.L36
 343:Core/Src/Code/FindX.c ****               // Расчет Sours_cpsi  
 748              		.loc 1 343 7 is_stmt 1 view .LVU214
 343:Core/Src/Code/FindX.c ****               // Расчет Sours_cpsi  
 749              		.loc 1 343 10 is_stmt 0 view .LVU215
 750 0058 042F     		cmp	r7, #4
 751 005a E8D9     		bls	.L36
 345:Core/Src/Code/FindX.c ****               Sours_cpsi /= SDTi; 
 752              		.loc 1 345 15 is_stmt 1 view .LVU216
 345:Core/Src/Code/FindX.c ****               Sours_cpsi /= SDTi; 
 753              		.loc 1 345 28 is_stmt 0 view .LVU217
 754 005c 3846     		mov	r0, r7
 755 005e FFF7FEFF 		bl	__aeabi_ui2f
 756              	.LVL55:
 345:Core/Src/Code/FindX.c ****               Sours_cpsi /= SDTi; 
 757              		.loc 1 345 28 view .LVU218
 758 0062 8146     		mov	r9, r0
 345:Core/Src/Code/FindX.c ****               Sours_cpsi /= SDTi; 
 759              		.loc 1 345 26 view .LVU219
 760 0064 DFF8C4A0 		ldr	r10, .L48+16
 761 0068 CAF80000 		str	r0, [r10]	@ float
 346:Core/Src/Code/FindX.c ****               if (Sours_cpsi > FW5Data.Dt_nFona_cps) {
 762              		.loc 1 346 15 is_stmt 1 view .LVU220
 346:Core/Src/Code/FindX.c ****               if (Sours_cpsi > FW5Data.Dt_nFona_cps) {
 763              		.loc 1 346 26 is_stmt 0 view .LVU221
 764 006c 2B4B     		ldr	r3, .L48
 765 006e 1888     		ldrh	r0, [r3]
 766 0070 FFF7FEFF 		bl	__aeabi_i2f
 767              	.LVL56:
 768 0074 0146     		mov	r1, r0
 769 0076 4846     		mov	r0, r9
 770 0078 FFF7FEFF 		bl	__aeabi_fdiv
 771              	.LVL57:
 772 007c 8146     		mov	r9, r0
 773 007e CAF80000 		str	r0, [r10]	@ float
 347:Core/Src/Code/FindX.c ****                   // Вычитание фона
 774              		.loc 1 347 15 is_stmt 1 view .LVU222
 347:Core/Src/Code/FindX.c ****                   // Вычитание фона
 775              		.loc 1 347 39 is_stmt 0 view .LVU223
 776 0082 294B     		ldr	r3, .L48+12
 777 0084 D3F808A0 		ldr	r10, [r3, #8]	@ float
 347:Core/Src/Code/FindX.c ****                   // Вычитание фона
 778              		.loc 1 347 18 view .LVU224
 779 0088 5146     		mov	r1, r10
 780 008a FFF7FEFF 		bl	__aeabi_fcmpgt
 781              	.LVL58:
 782 008e 0028     		cmp	r0, #0
ARM GAS  C:\Users\user\AppData\Local\Temp\ccoqzHmX.s 			page 23


 783 0090 CDD0     		beq	.L36
 349:Core/Src/Code/FindX.c ****                   // Porog
 784              		.loc 1 349 19 is_stmt 1 view .LVU225
 349:Core/Src/Code/FindX.c ****                   // Porog
 785              		.loc 1 349 30 is_stmt 0 view .LVU226
 786 0092 5146     		mov	r1, r10
 787 0094 4846     		mov	r0, r9
 788 0096 FFF7FEFF 		bl	__aeabi_fsub
 789              	.LVL59:
 790 009a 8146     		mov	r9, r0
 791 009c 234B     		ldr	r3, .L48+16
 792 009e 1860     		str	r0, [r3]	@ float
 351:Core/Src/Code/FindX.c ****                   Porog_cpsi *= (SNi>120) ? Kst[120] : Kst[SNi];
 793              		.loc 1 351 19 is_stmt 1 view .LVU227
 351:Core/Src/Code/FindX.c ****                   Porog_cpsi *= (SNi>120) ? Kst[120] : Kst[SNi];
 794              		.loc 1 351 54 is_stmt 0 view .LVU228
 795 00a0 04F10208 		add	r8, r4, #2
 796 00a4 204B     		ldr	r3, .L48+12
 797 00a6 03EB8808 		add	r8, r3, r8, lsl #2
 798 00aa D8F80400 		ldr	r0, [r8, #4]	@ float
 351:Core/Src/Code/FindX.c ****                   Porog_cpsi *= (SNi>120) ? Kst[120] : Kst[SNi];
 799              		.loc 1 351 30 view .LVU229
 800 00ae 204B     		ldr	r3, .L48+20
 801 00b0 1860     		str	r0, [r3]	@ float
 352:Core/Src/Code/FindX.c ****                   //  Сравнение с порогом   
 802              		.loc 1 352 19 is_stmt 1 view .LVU230
 352:Core/Src/Code/FindX.c ****                   //  Сравнение с порогом   
 803              		.loc 1 352 54 is_stmt 0 view .LVU231
 804 00b2 782F     		cmp	r7, #120
 805 00b4 B8D8     		bhi	.L42
 352:Core/Src/Code/FindX.c ****                   //  Сравнение с порогом   
 806              		.loc 1 352 54 discriminator 2 view .LVU232
 807 00b6 1F4B     		ldr	r3, .L48+24
 808 00b8 53F82710 		ldr	r1, [r3, r7, lsl #2]	@ float
 809              	.L38:
 352:Core/Src/Code/FindX.c ****                   //  Сравнение с порогом   
 810              		.loc 1 352 30 discriminator 4 view .LVU233
 811 00bc FFF7FEFF 		bl	__aeabi_fmul
 812              	.LVL60:
 813 00c0 8046     		mov	r8, r0
 814 00c2 1B4B     		ldr	r3, .L48+20
 815 00c4 1860     		str	r0, [r3]	@ float
 354:Core/Src/Code/FindX.c ****                     // Данные по превышению  
 816              		.loc 1 354 19 is_stmt 1 discriminator 4 view .LVU234
 354:Core/Src/Code/FindX.c ****                     // Данные по превышению  
 817              		.loc 1 354 22 is_stmt 0 discriminator 4 view .LVU235
 818 00c6 0146     		mov	r1, r0
 819 00c8 4846     		mov	r0, r9
 820 00ca FFF7FEFF 		bl	__aeabi_fcmpgt
 821              	.LVL61:
 822 00ce 0028     		cmp	r0, #0
 823 00d0 ADD0     		beq	.L36
 356:Core/Src/Code/FindX.c ****                     // Максимальное значение превышения скорости счета
 824              		.loc 1 356 21 is_stmt 1 view .LVU236
 356:Core/Src/Code/FindX.c ****                     // Максимальное значение превышения скорости счета
 825              		.loc 1 356 28 is_stmt 0 view .LVU237
 826 00d2 4BEA050B 		orr	fp, fp, r5
ARM GAS  C:\Users\user\AppData\Local\Temp\ccoqzHmX.s 			page 24


 827              	.LVL62:
 358:Core/Src/Code/FindX.c ****                           K  = (float) Sours_cpsi;
 828              		.loc 1 358 21 is_stmt 1 view .LVU238
 358:Core/Src/Code/FindX.c ****                           K  = (float) Sours_cpsi;
 829              		.loc 1 358 24 is_stmt 0 view .LVU239
 830 00d6 1BF0080F 		tst	fp, #8
 831 00da A8D0     		beq	.L36
 359:Core/Src/Code/FindX.c ****                           K /= Porog_cpsi;
 832              		.loc 1 359 27 is_stmt 1 view .LVU240
 359:Core/Src/Code/FindX.c ****                           K /= Porog_cpsi;
 833              		.loc 1 359 30 is_stmt 0 view .LVU241
 834 00dc DFF840A0 		ldr	r10, .L48+4
 835 00e0 CAF80090 		str	r9, [r10]	@ float
 360:Core/Src/Code/FindX.c ****                           if (K>Kmax) Kmax = K;   
 836              		.loc 1 360 27 is_stmt 1 view .LVU242
 360:Core/Src/Code/FindX.c ****                           if (K>Kmax) Kmax = K;   
 837              		.loc 1 360 29 is_stmt 0 view .LVU243
 838 00e4 4146     		mov	r1, r8
 839 00e6 4846     		mov	r0, r9
 840 00e8 FFF7FEFF 		bl	__aeabi_fdiv
 841              	.LVL63:
 842 00ec 8046     		mov	r8, r0
 843 00ee CAF80000 		str	r0, [r10]	@ float
 361:Core/Src/Code/FindX.c ****                     } // Buzer
 844              		.loc 1 361 27 is_stmt 1 view .LVU244
 361:Core/Src/Code/FindX.c ****                     } // Buzer
 845              		.loc 1 361 30 is_stmt 0 view .LVU245
 846 00f2 0C4B     		ldr	r3, .L48+8
 847 00f4 1968     		ldr	r1, [r3]	@ float
 848 00f6 FFF7FEFF 		bl	__aeabi_fcmpgt
 849              	.LVL64:
 850 00fa 0028     		cmp	r0, #0
 851 00fc 97D0     		beq	.L36
 361:Core/Src/Code/FindX.c ****                     } // Buzer
 852              		.loc 1 361 39 is_stmt 1 discriminator 1 view .LVU246
 361:Core/Src/Code/FindX.c ****                     } // Buzer
 853              		.loc 1 361 44 is_stmt 0 discriminator 1 view .LVU247
 854 00fe 094B     		ldr	r3, .L48+8
 855 0100 C3F80080 		str	r8, [r3]	@ float
 856 0104 93E7     		b	.L36
 857              	.L47:
 372:Core/Src/Code/FindX.c ****  }
 373:Core/Src/Code/FindX.c ****  
 374:Core/Src/Code/FindX.c ****  // Вывод
 375:Core/Src/Code/FindX.c ****  *CRM  = Kmax;
 858              		.loc 1 375 2 is_stmt 1 view .LVU248
 859              		.loc 1 375 8 is_stmt 0 view .LVU249
 860 0106 074B     		ldr	r3, .L48+8
 861 0108 1B68     		ldr	r3, [r3]	@ float
 862 010a 019A     		ldr	r2, [sp, #4]
 863 010c 1360     		str	r3, [r2]	@ float
 376:Core/Src/Code/FindX.c ****  *Out=Result;
 864              		.loc 1 376 2 is_stmt 1 view .LVU250
 865              		.loc 1 376 6 is_stmt 0 view .LVU251
 866 010e 009B     		ldr	r3, [sp]
 867 0110 A3F800B0 		strh	fp, [r3]	@ movhi
 377:Core/Src/Code/FindX.c **** }
ARM GAS  C:\Users\user\AppData\Local\Temp\ccoqzHmX.s 			page 25


 868              		.loc 1 377 1 view .LVU252
 869 0114 03B0     		add	sp, sp, #12
 870              		.cfi_def_cfa_offset 36
 871              	.LVL65:
 872              		.loc 1 377 1 view .LVU253
 873              		@ sp needed
 874 0116 BDE8F08F 		pop	{r4, r5, r6, r7, r8, r9, r10, fp, pc}
 875              	.LVL66:
 876              	.L49:
 877              		.loc 1 377 1 view .LVU254
 878 011a 00BF     		.align	2
 879              	.L48:
 880 011c 00000000 		.word	.LANCHOR4
 881 0120 00000000 		.word	.LANCHOR5
 882 0124 00000000 		.word	.LANCHOR6
 883 0128 00000000 		.word	.LANCHOR0
 884 012c 00000000 		.word	.LANCHOR7
 885 0130 00000000 		.word	.LANCHOR8
 886 0134 00000000 		.word	.LANCHOR9
 887              		.cfi_endproc
 888              	.LFE8:
 890              		.section	.text.FW5_G5Find,"ax",%progbits
 891              		.align	1
 892              		.global	FW5_G5Find
 893              		.syntax unified
 894              		.thumb
 895              		.thumb_func
 896              		.fpu softvfp
 898              	FW5_G5Find:
 899              	.LVL67:
 900              	.LFB9:
 378:Core/Src/Code/FindX.c **** 
 379:Core/Src/Code/FindX.c **** 
 380:Core/Src/Code/FindX.c **** // Поисковый алгоритм       
 381:Core/Src/Code/FindX.c **** uint8_t FW5_G5Find(uint16_t *Out, float *CRM) {
 901              		.loc 1 381 47 is_stmt 1 view -0
 902              		.cfi_startproc
 903              		@ args = 0, pretend = 0, frame = 8
 904              		@ frame_needed = 0, uses_anonymous_args = 0
 382:Core/Src/Code/FindX.c ****   
 383:Core/Src/Code/FindX.c ****   float _crm,crm_max;
 905              		.loc 1 383 3 view .LVU256
 384:Core/Src/Code/FindX.c ****   uint16_t out_max; 
 906              		.loc 1 384 3 view .LVU257
 385:Core/Src/Code/FindX.c ****   
 386:Core/Src/Code/FindX.c ****   crm_max = 1; out_max  = 0;
 907              		.loc 1 386 3 view .LVU258
 908              		.loc 1 386 16 view .LVU259
 387:Core/Src/Code/FindX.c ****   *Out = out_max; *CRM = crm_max;
 909              		.loc 1 387 3 view .LVU260
 910              		.loc 1 387 8 is_stmt 0 view .LVU261
 911 0000 0023     		movs	r3, #0
 912 0002 0380     		strh	r3, [r0]	@ movhi
 913              		.loc 1 387 19 is_stmt 1 view .LVU262
 914              		.loc 1 387 24 is_stmt 0 view .LVU263
 915 0004 4FF07E53 		mov	r3, #1065353216
 916 0008 0B60     		str	r3, [r1]	@ float
ARM GAS  C:\Users\user\AppData\Local\Temp\ccoqzHmX.s 			page 26


 388:Core/Src/Code/FindX.c ****    
 389:Core/Src/Code/FindX.c ****   if (FW5Data.Valid==0) return 0; 
 917              		.loc 1 389 3 is_stmt 1 view .LVU264
 918              		.loc 1 389 14 is_stmt 0 view .LVU265
 919 000a 154B     		ldr	r3, .L60
 920 000c B3F89030 		ldrh	r3, [r3, #144]
 921              		.loc 1 389 6 view .LVU266
 922 0010 13B3     		cbz	r3, .L53
 381:Core/Src/Code/FindX.c ****   
 923              		.loc 1 381 47 view .LVU267
 924 0012 F0B5     		push	{r4, r5, r6, r7, lr}
 925              		.cfi_def_cfa_offset 20
 926              		.cfi_offset 4, -20
 927              		.cfi_offset 5, -16
 928              		.cfi_offset 6, -12
 929              		.cfi_offset 7, -8
 930              		.cfi_offset 14, -4
 931 0014 83B0     		sub	sp, sp, #12
 932              		.cfi_def_cfa_offset 32
 933 0016 0546     		mov	r5, r0
 934 0018 0C46     		mov	r4, r1
 390:Core/Src/Code/FindX.c ****  
 391:Core/Src/Code/FindX.c ****   // Если есть данные  
 392:Core/Src/Code/FindX.c ****   if (FW5Data.ReadIndex == FW5Data.WriteIndex) return 0; 
 935              		.loc 1 392 3 is_stmt 1 view .LVU268
 936              		.loc 1 392 14 is_stmt 0 view .LVU269
 937 001a 114B     		ldr	r3, .L60
 938 001c 93F88F20 		ldrb	r2, [r3, #143]	@ zero_extendqisi2
 939              		.loc 1 392 35 view .LVU270
 940 0020 93F88E30 		ldrb	r3, [r3, #142]	@ zero_extendqisi2
 941              		.loc 1 392 6 view .LVU271
 942 0024 9A42     		cmp	r2, r3
 943 0026 19D0     		beq	.L54
 393:Core/Src/Code/FindX.c ****   
 394:Core/Src/Code/FindX.c ****   // Чтение данных   
 395:Core/Src/Code/FindX.c ****   FW5Data.ReadIndex  = FW5Data.WriteIndex;  
 944              		.loc 1 395 3 is_stmt 1 view .LVU272
 945              		.loc 1 395 22 is_stmt 0 view .LVU273
 946 0028 0D4A     		ldr	r2, .L60
 947 002a 82F88F30 		strb	r3, [r2, #143]
 396:Core/Src/Code/FindX.c ****   
 397:Core/Src/Code/FindX.c **** 
 398:Core/Src/Code/FindX.c ****   FW5_Find(&_out,&_crm);
 948              		.loc 1 398 3 is_stmt 1 view .LVU274
 949 002e 0D4E     		ldr	r6, .L60+4
 950 0030 01A9     		add	r1, sp, #4
 951              	.LVL68:
 952              		.loc 1 398 3 is_stmt 0 view .LVU275
 953 0032 3046     		mov	r0, r6
 954              	.LVL69:
 955              		.loc 1 398 3 view .LVU276
 956 0034 FFF7FEFF 		bl	FW5_Find
 957              	.LVL70:
 399:Core/Src/Code/FindX.c ****   out_max |= _out; 
 958              		.loc 1 399 3 is_stmt 1 view .LVU277
 959              		.loc 1 399 11 is_stmt 0 view .LVU278
 960 0038 3788     		ldrh	r7, [r6]
ARM GAS  C:\Users\user\AppData\Local\Temp\ccoqzHmX.s 			page 27


 961              	.LVL71:
 400:Core/Src/Code/FindX.c ****   if (_crm>crm_max) crm_max =_crm;   
 962              		.loc 1 400 3 is_stmt 1 view .LVU279
 963              		.loc 1 400 11 is_stmt 0 view .LVU280
 964 003a 019E     		ldr	r6, [sp, #4]	@ float
 965              		.loc 1 400 6 view .LVU281
 966 003c 4FF07E51 		mov	r1, #1065353216
 967 0040 3046     		mov	r0, r6
 968 0042 FFF7FEFF 		bl	__aeabi_fcmpgt
 969              	.LVL72:
 970 0046 20B1     		cbz	r0, .L59
 971              	.L52:
 972              	.LVL73:
 401:Core/Src/Code/FindX.c ****   
 402:Core/Src/Code/FindX.c **** 
 403:Core/Src/Code/FindX.c ****   // Out
 404:Core/Src/Code/FindX.c ****   *Out = out_max;
 973              		.loc 1 404 3 is_stmt 1 view .LVU282
 974              		.loc 1 404 8 is_stmt 0 view .LVU283
 975 0048 2F80     		strh	r7, [r5]	@ movhi
 405:Core/Src/Code/FindX.c ****   *CRM = crm_max;
 976              		.loc 1 405 3 is_stmt 1 view .LVU284
 977              		.loc 1 405 8 is_stmt 0 view .LVU285
 978 004a 2660     		str	r6, [r4]	@ float
 406:Core/Src/Code/FindX.c ****   
 407:Core/Src/Code/FindX.c ****   return 1;
 979              		.loc 1 407 3 is_stmt 1 view .LVU286
 980              		.loc 1 407 10 is_stmt 0 view .LVU287
 981 004c 0120     		movs	r0, #1
 982              	.LVL74:
 983              	.L51:
 408:Core/Src/Code/FindX.c **** 
 409:Core/Src/Code/FindX.c **** }
 984              		.loc 1 409 1 view .LVU288
 985 004e 03B0     		add	sp, sp, #12
 986              		.cfi_remember_state
 987              		.cfi_def_cfa_offset 20
 988              		@ sp needed
 989 0050 F0BD     		pop	{r4, r5, r6, r7, pc}
 990              	.LVL75:
 991              	.L59:
 992              		.cfi_restore_state
 386:Core/Src/Code/FindX.c ****   *Out = out_max; *CRM = crm_max;
 993              		.loc 1 386 11 view .LVU289
 994 0052 4FF07E56 		mov	r6, #1065353216
 995 0056 F7E7     		b	.L52
 996              	.LVL76:
 997              	.L53:
 998              		.cfi_def_cfa_offset 0
 999              		.cfi_restore 4
 1000              		.cfi_restore 5
 1001              		.cfi_restore 6
 1002              		.cfi_restore 7
 1003              		.cfi_restore 14
 389:Core/Src/Code/FindX.c ****  
 1004              		.loc 1 389 32 view .LVU290
 1005 0058 0020     		movs	r0, #0
ARM GAS  C:\Users\user\AppData\Local\Temp\ccoqzHmX.s 			page 28


 1006              	.LVL77:
 1007              		.loc 1 409 1 view .LVU291
 1008 005a 7047     		bx	lr
 1009              	.LVL78:
 1010              	.L54:
 1011              		.cfi_def_cfa_offset 32
 1012              		.cfi_offset 4, -20
 1013              		.cfi_offset 5, -16
 1014              		.cfi_offset 6, -12
 1015              		.cfi_offset 7, -8
 1016              		.cfi_offset 14, -4
 392:Core/Src/Code/FindX.c ****   
 1017              		.loc 1 392 55 view .LVU292
 1018 005c 0020     		movs	r0, #0
 1019              	.LVL79:
 392:Core/Src/Code/FindX.c ****   
 1020              		.loc 1 392 55 view .LVU293
 1021 005e F6E7     		b	.L51
 1022              	.L61:
 1023              		.align	2
 1024              	.L60:
 1025 0060 00000000 		.word	.LANCHOR0
 1026 0064 00000000 		.word	.LANCHOR10
 1027              		.cfi_endproc
 1028              	.LFE9:
 1030              		.global	_out
 1031              		.global	FW5Data
 1032              		.global	Kst
 1033              		.global	iMaskFind
 1034              		.section	.bss.FW5Data,"aw",%nobits
 1035              		.align	2
 1036              		.set	.LANCHOR0,. + 0
 1039              	FW5Data:
 1040 0000 00000000 		.space	156
 1040      00000000 
 1040      00000000 
 1040      00000000 
 1040      00000000 
 1041              		.section	.bss.Find_Sigma,"aw",%nobits
 1042              		.align	2
 1043              		.set	.LANCHOR2,. + 0
 1046              	Find_Sigma:
 1047 0000 00000000 		.space	4
 1048              		.section	.bss.K.3,"aw",%nobits
 1049              		.align	2
 1050              		.set	.LANCHOR5,. + 0
 1053              	K.3:
 1054 0000 00000000 		.space	4
 1055              		.section	.bss.Kmax.2,"aw",%nobits
 1056              		.align	2
 1057              		.set	.LANCHOR6,. + 0
 1060              	Kmax.2:
 1061 0000 00000000 		.space	4
 1062              		.section	.bss.Porog_cpsi.0,"aw",%nobits
 1063              		.align	2
 1064              		.set	.LANCHOR8,. + 0
 1067              	Porog_cpsi.0:
ARM GAS  C:\Users\user\AppData\Local\Temp\ccoqzHmX.s 			page 29


 1068 0000 00000000 		.space	4
 1069              		.section	.bss.SDTi.4,"aw",%nobits
 1070              		.align	1
 1071              		.set	.LANCHOR4,. + 0
 1074              	SDTi.4:
 1075 0000 0000     		.space	2
 1076              		.section	.bss.Sours_cpsi.1,"aw",%nobits
 1077              		.align	2
 1078              		.set	.LANCHOR7,. + 0
 1081              	Sours_cpsi.1:
 1082 0000 00000000 		.space	4
 1083              		.section	.bss.TFW5_Tcall,"aw",%nobits
 1084              		.align	1
 1085              		.set	.LANCHOR1,. + 0
 1088              	TFW5_Tcall:
 1089 0000 0000     		.space	2
 1090              		.section	.bss._out,"aw",%nobits
 1091              		.align	1
 1092              		.set	.LANCHOR10,. + 0
 1095              	_out:
 1096 0000 0000     		.space	2
 1097              		.section	.bss.i.5,"aw",%nobits
 1098              		.align	1
 1099              		.set	.LANCHOR3,. + 0
 1102              	i.5:
 1103 0000 0000     		.space	2
 1104              		.section	.rodata.Kst,"a"
 1105              		.align	2
 1106              		.set	.LANCHOR9,. + 0
 1109              	Kst:
 1110 0000 984C4B41 		.word	1095453848
 1111 0004 B8AF8940 		.word	1082765240
 1112 0008 71AC4B40 		.word	1078701169
 1113 000c 8AB03140 		.word	1076998282
 1114 0010 B6842440 		.word	1076135094
 1115 0014 029A1C40 		.word	1075616258
 1116 0018 9B551740 		.word	1075271067
 1117 001c 81951340 		.word	1075025281
 1118 0020 E3C71040 		.word	1074841571
 1119 0024 31990E40 		.word	1074698545
 1120 0028 2FDD0C40 		.word	1074584879
 1121 002c 76710B40 		.word	1074491766
 1122 0030 FE430A40 		.word	1074414590
 1123 0034 67440940 		.word	1074349159
 1124 0038 DC680840 		.word	1074292956
 1125 003c 71AC0740 		.word	1074244721
 1126 0040 F7060740 		.word	1074202359
 1127 0044 25750640 		.word	1074165029
 1128 0048 B6F30540 		.word	1074131894
 1129 004c 06810540 		.word	1074102534
 1130 0050 2B180540 		.word	1074075691
 1131 0054 C7BA0440 		.word	1074051783
 1132 0058 95650440 		.word	1074029973
 1133 005c F0160440 		.word	1074009840
 1134 0060 D9CE0340 		.word	1073991385
 1135 0064 508D0340 		.word	1073974608
 1136 0068 B1500340 		.word	1073959089
ARM GAS  C:\Users\user\AppData\Local\Temp\ccoqzHmX.s 			page 30


 1137 006c FC180340 		.word	1073944828
 1138 0070 8FE40240 		.word	1073931407
 1139 0074 0BB50240 		.word	1073919243
 1140 0078 29ED0140 		.word	1073868073
 1141 007c 29ED0140 		.word	1073868073
 1142 0080 29ED0140 		.word	1073868073
 1143 0084 29ED0140 		.word	1073868073
 1144 0088 29ED0140 		.word	1073868073
 1145 008c 29ED0140 		.word	1073868073
 1146 0090 29ED0140 		.word	1073868073
 1147 0094 29ED0140 		.word	1073868073
 1148 0098 29ED0140 		.word	1073868073
 1149 009c B4590140 		.word	1073830324
 1150 00a0 B4590140 		.word	1073830324
 1151 00a4 B4590140 		.word	1073830324
 1152 00a8 B4590140 		.word	1073830324
 1153 00ac B4590140 		.word	1073830324
 1154 00b0 04E70040 		.word	1073800964
 1155 00b4 04E70040 		.word	1073800964
 1156 00b8 04E70040 		.word	1073800964
 1157 00bc 04E70040 		.word	1073800964
 1158 00c0 04E70040 		.word	1073800964
 1159 00c4 E78C0040 		.word	1073777895
 1160 00c8 E78C0040 		.word	1073777895
 1161 00cc E78C0040 		.word	1073777895
 1162 00d0 E78C0040 		.word	1073777895
 1163 00d4 E78C0040 		.word	1073777895
 1164 00d8 89410040 		.word	1073758601
 1165 00dc 89410040 		.word	1073758601
 1166 00e0 89410040 		.word	1073758601
 1167 00e4 89410040 		.word	1073758601
 1168 00e8 89410040 		.word	1073758601
 1169 00ec EA040040 		.word	1073743082
 1170 00f0 EA040040 		.word	1073743082
 1171 00f4 EA040040 		.word	1073743082
 1172 00f8 EA040040 		.word	1073743082
 1173 00fc EA040040 		.word	1073743082
 1174 0100 EA040040 		.word	1073743082
 1175 0104 EA040040 		.word	1073743082
 1176 0108 EA040040 		.word	1073743082
 1177 010c EA040040 		.word	1073743082
 1178 0110 EA040040 		.word	1073743082
 1179 0114 8048FF3F 		.word	1073694848
 1180 0118 8048FF3F 		.word	1073694848
 1181 011c 8048FF3F 		.word	1073694848
 1182 0120 8048FF3F 		.word	1073694848
 1183 0124 8048FF3F 		.word	1073694848
 1184 0128 8048FF3F 		.word	1073694848
 1185 012c 8048FF3F 		.word	1073694848
 1186 0130 8048FF3F 		.word	1073694848
 1187 0134 8048FF3F 		.word	1073694848
 1188 0138 8048FF3F 		.word	1073694848
 1189 013c 99BBFE3F 		.word	1073658777
 1190 0140 99BBFE3F 		.word	1073658777
 1191 0144 99BBFE3F 		.word	1073658777
 1192 0148 99BBFE3F 		.word	1073658777
 1193 014c 99BBFE3F 		.word	1073658777
ARM GAS  C:\Users\user\AppData\Local\Temp\ccoqzHmX.s 			page 31


 1194 0150 99BBFE3F 		.word	1073658777
 1195 0154 99BBFE3F 		.word	1073658777
 1196 0158 99BBFE3F 		.word	1073658777
 1197 015c 99BBFE3F 		.word	1073658777
 1198 0160 99BBFE3F 		.word	1073658777
 1199 0164 304CFE3F 		.word	1073630256
 1200 0168 304CFE3F 		.word	1073630256
 1201 016c 304CFE3F 		.word	1073630256
 1202 0170 304CFE3F 		.word	1073630256
 1203 0174 304CFE3F 		.word	1073630256
 1204 0178 304CFE3F 		.word	1073630256
 1205 017c 304CFE3F 		.word	1073630256
 1206 0180 304CFE3F 		.word	1073630256
 1207 0184 304CFE3F 		.word	1073630256
 1208 0188 304CFE3F 		.word	1073630256
 1209 018c B6F3FD3F 		.word	1073607606
 1210 0190 B6F3FD3F 		.word	1073607606
 1211 0194 B6F3FD3F 		.word	1073607606
 1212 0198 B6F3FD3F 		.word	1073607606
 1213 019c B6F3FD3F 		.word	1073607606
 1214 01a0 B6F3FD3F 		.word	1073607606
 1215 01a4 B6F3FD3F 		.word	1073607606
 1216 01a8 B6F3FD3F 		.word	1073607606
 1217 01ac B6F3FD3F 		.word	1073607606
 1218 01b0 B6F3FD3F 		.word	1073607606
 1219 01b4 9FABFD3F 		.word	1073589151
 1220 01b8 9FABFD3F 		.word	1073589151
 1221 01bc 9FABFD3F 		.word	1073589151
 1222 01c0 9FABFD3F 		.word	1073589151
 1223 01c4 9FABFD3F 		.word	1073589151
 1224 01c8 9FABFD3F 		.word	1073589151
 1225 01cc 9FABFD3F 		.word	1073589151
 1226 01d0 9FABFD3F 		.word	1073589151
 1227 01d4 9FABFD3F 		.word	1073589151
 1228 01d8 9FABFD3F 		.word	1073589151
 1229 01dc 5D6DFD3F 		.word	1073573213
 1230 01e0 0000803F 		.word	1065353216
 1231              		.section	.rodata.iMaskFind,"a"
 1232              		.align	2
 1235              	iMaskFind:
 1236 0000 FFFF0000 		.word	65535
 1237              		.text
 1238              	.Letext0:
 1239              		.file 2 "c:\\users\\user\\appdata\\roaming\\code\\user\\globalstorage\\bmd.stm32-for-vscode\\@xpac
 1240              		.file 3 "c:\\users\\user\\appdata\\roaming\\code\\user\\globalstorage\\bmd.stm32-for-vscode\\@xpac
 1241              		.file 4 "Core/Src/Code/FindX.h"
ARM GAS  C:\Users\user\AppData\Local\Temp\ccoqzHmX.s 			page 32


DEFINED SYMBOLS
                            *ABS*:0000000000000000 FindX.c
C:\Users\user\AppData\Local\Temp\ccoqzHmX.s:17     .text.ssqrt:0000000000000000 $t
C:\Users\user\AppData\Local\Temp\ccoqzHmX.s:25     .text.ssqrt:0000000000000000 ssqrt
C:\Users\user\AppData\Local\Temp\ccoqzHmX.s:68     .text.FW5_Write:0000000000000000 $t
C:\Users\user\AppData\Local\Temp\ccoqzHmX.s:75     .text.FW5_Write:0000000000000000 FW5_Write
C:\Users\user\AppData\Local\Temp\ccoqzHmX.s:94     .text.FW5_Write:000000000000000c $d
C:\Users\user\AppData\Local\Temp\ccoqzHmX.s:99     .text.FW5_SetPorog:0000000000000000 $t
C:\Users\user\AppData\Local\Temp\ccoqzHmX.s:106    .text.FW5_SetPorog:0000000000000000 FW5_SetPorog
C:\Users\user\AppData\Local\Temp\ccoqzHmX.s:127    .text.FW5_SetPorog:000000000000000c $d
C:\Users\user\AppData\Local\Temp\ccoqzHmX.s:133    .text.FW5_Clear:0000000000000000 $t
C:\Users\user\AppData\Local\Temp\ccoqzHmX.s:140    .text.FW5_Clear:0000000000000000 FW5_Clear
C:\Users\user\AppData\Local\Temp\ccoqzHmX.s:157    .text.FW5_Clear:0000000000000008 $d
C:\Users\user\AppData\Local\Temp\ccoqzHmX.s:162    .text.FW5_Calibration:0000000000000000 $t
C:\Users\user\AppData\Local\Temp\ccoqzHmX.s:169    .text.FW5_Calibration:0000000000000000 FW5_Calibration
C:\Users\user\AppData\Local\Temp\ccoqzHmX.s:204    .text.FW5_Calibration:000000000000001c $d
C:\Users\user\AppData\Local\Temp\ccoqzHmX.s:209    .text.FW5_Valid:0000000000000000 $t
C:\Users\user\AppData\Local\Temp\ccoqzHmX.s:216    .text.FW5_Valid:0000000000000000 FW5_Valid
C:\Users\user\AppData\Local\Temp\ccoqzHmX.s:235    .text.FW5_Valid:0000000000000010 $d
C:\Users\user\AppData\Local\Temp\ccoqzHmX.s:247    .text.FW5_CalculatePorog_i:0000000000000000 $t
C:\Users\user\AppData\Local\Temp\ccoqzHmX.s:254    .text.FW5_CalculatePorog_i:0000000000000000 FW5_CalculatePorog_i
C:\Users\user\AppData\Local\Temp\ccoqzHmX.s:410    .text.FW5_CalculatePorog_i:0000000000000090 $d
C:\Users\user\AppData\Local\Temp\ccoqzHmX.s:418    .text.FW5_Read:0000000000000000 $t
C:\Users\user\AppData\Local\Temp\ccoqzHmX.s:425    .text.FW5_Read:0000000000000000 FW5_Read
C:\Users\user\AppData\Local\Temp\ccoqzHmX.s:612    .text.FW5_Read:00000000000000f4 $d
C:\Users\user\AppData\Local\Temp\ccoqzHmX.s:623    .text.FW5_Find:0000000000000000 $t
C:\Users\user\AppData\Local\Temp\ccoqzHmX.s:630    .text.FW5_Find:0000000000000000 FW5_Find
C:\Users\user\AppData\Local\Temp\ccoqzHmX.s:880    .text.FW5_Find:000000000000011c $d
C:\Users\user\AppData\Local\Temp\ccoqzHmX.s:891    .text.FW5_G5Find:0000000000000000 $t
C:\Users\user\AppData\Local\Temp\ccoqzHmX.s:898    .text.FW5_G5Find:0000000000000000 FW5_G5Find
C:\Users\user\AppData\Local\Temp\ccoqzHmX.s:1025   .text.FW5_G5Find:0000000000000060 $d
C:\Users\user\AppData\Local\Temp\ccoqzHmX.s:1095   .bss._out:0000000000000000 _out
C:\Users\user\AppData\Local\Temp\ccoqzHmX.s:1039   .bss.FW5Data:0000000000000000 FW5Data
C:\Users\user\AppData\Local\Temp\ccoqzHmX.s:1109   .rodata.Kst:0000000000000000 Kst
C:\Users\user\AppData\Local\Temp\ccoqzHmX.s:1235   .rodata.iMaskFind:0000000000000000 iMaskFind
C:\Users\user\AppData\Local\Temp\ccoqzHmX.s:1035   .bss.FW5Data:0000000000000000 $d
C:\Users\user\AppData\Local\Temp\ccoqzHmX.s:1042   .bss.Find_Sigma:0000000000000000 $d
C:\Users\user\AppData\Local\Temp\ccoqzHmX.s:1046   .bss.Find_Sigma:0000000000000000 Find_Sigma
C:\Users\user\AppData\Local\Temp\ccoqzHmX.s:1049   .bss.K.3:0000000000000000 $d
C:\Users\user\AppData\Local\Temp\ccoqzHmX.s:1053   .bss.K.3:0000000000000000 K.3
C:\Users\user\AppData\Local\Temp\ccoqzHmX.s:1056   .bss.Kmax.2:0000000000000000 $d
C:\Users\user\AppData\Local\Temp\ccoqzHmX.s:1060   .bss.Kmax.2:0000000000000000 Kmax.2
C:\Users\user\AppData\Local\Temp\ccoqzHmX.s:1063   .bss.Porog_cpsi.0:0000000000000000 $d
C:\Users\user\AppData\Local\Temp\ccoqzHmX.s:1067   .bss.Porog_cpsi.0:0000000000000000 Porog_cpsi.0
C:\Users\user\AppData\Local\Temp\ccoqzHmX.s:1070   .bss.SDTi.4:0000000000000000 $d
C:\Users\user\AppData\Local\Temp\ccoqzHmX.s:1074   .bss.SDTi.4:0000000000000000 SDTi.4
C:\Users\user\AppData\Local\Temp\ccoqzHmX.s:1077   .bss.Sours_cpsi.1:0000000000000000 $d
C:\Users\user\AppData\Local\Temp\ccoqzHmX.s:1081   .bss.Sours_cpsi.1:0000000000000000 Sours_cpsi.1
C:\Users\user\AppData\Local\Temp\ccoqzHmX.s:1084   .bss.TFW5_Tcall:0000000000000000 $d
C:\Users\user\AppData\Local\Temp\ccoqzHmX.s:1088   .bss.TFW5_Tcall:0000000000000000 TFW5_Tcall
C:\Users\user\AppData\Local\Temp\ccoqzHmX.s:1091   .bss._out:0000000000000000 $d
C:\Users\user\AppData\Local\Temp\ccoqzHmX.s:1098   .bss.i.5:0000000000000000 $d
C:\Users\user\AppData\Local\Temp\ccoqzHmX.s:1102   .bss.i.5:0000000000000000 i.5
C:\Users\user\AppData\Local\Temp\ccoqzHmX.s:1105   .rodata.Kst:0000000000000000 $d
C:\Users\user\AppData\Local\Temp\ccoqzHmX.s:1232   .rodata.iMaskFind:0000000000000000 $d

UNDEFINED SYMBOLS
ARM GAS  C:\Users\user\AppData\Local\Temp\ccoqzHmX.s 			page 33


__aeabi_fcmpeq
__aeabi_fmul
__aeabi_fdiv
__aeabi_fadd
__aeabi_f2d
__aeabi_dadd
__aeabi_dmul
__aeabi_d2f
__aeabi_ui2f
__aeabi_i2f
__aeabi_fcmpgt
__aeabi_fsub
