ARM GAS  C:\Users\user\AppData\Local\Temp\ccPt4Ici.s 			page 1


   1              		.cpu cortex-m3
   2              		.eabi_attribute 20, 1
   3              		.eabi_attribute 21, 1
   4              		.eabi_attribute 23, 3
   5              		.eabi_attribute 24, 1
   6              		.eabi_attribute 25, 1
   7              		.eabi_attribute 26, 1
   8              		.eabi_attribute 30, 1
   9              		.eabi_attribute 34, 1
  10              		.eabi_attribute 18, 4
  11              		.file	"NOS_ModBus.c"
  12              		.text
  13              	.Ltext0:
  14              		.cfi_sections	.debug_frame
  15              		.section	.text.GetCRC16,"ax",%progbits
  16              		.align	1
  17              		.global	GetCRC16
  18              		.arch armv7-m
  19              		.syntax unified
  20              		.thumb
  21              		.thumb_func
  22              		.fpu softvfp
  24              	GetCRC16:
  25              	.LVL0:
  26              	.LFB68:
  27              		.file 1 "Core/Src/NOS_ModBus.c"
   1:Core/Src/NOS_ModBus.c **** #include "NOS_ModBus.h"
   2:Core/Src/NOS_ModBus.c **** #include <stdint.h>
   3:Core/Src/NOS_ModBus.c **** #include "NOS_Typedefs.h"
   4:Core/Src/NOS_ModBus.c **** 
   5:Core/Src/NOS_ModBus.c **** uint16_t GetCRC16 (uint8_t *nData, uint8_t wLength)
   6:Core/Src/NOS_ModBus.c **** {
  28              		.loc 1 6 1 view -0
  29              		.cfi_startproc
  30              		@ args = 0, pretend = 0, frame = 0
  31              		@ frame_needed = 0, uses_anonymous_args = 0
  32              		@ link register save eliminated.
  33              		.loc 1 6 1 is_stmt 0 view .LVU1
  34 0000 0346     		mov	r3, r0
   7:Core/Src/NOS_ModBus.c **** static const uint16_t wCRCTable[] = {
  35              		.loc 1 7 1 is_stmt 1 view .LVU2
   8:Core/Src/NOS_ModBus.c **** 0X0000, 0XC0C1, 0XC181, 0X0140, 0XC301, 0X03C0, 0X0280, 0XC241,
   9:Core/Src/NOS_ModBus.c **** 0XC601, 0X06C0, 0X0780, 0XC741, 0X0500, 0XC5C1, 0XC481, 0X0440,
  10:Core/Src/NOS_ModBus.c **** 0XCC01, 0X0CC0, 0X0D80, 0XCD41, 0X0F00, 0XCFC1, 0XCE81, 0X0E40,
  11:Core/Src/NOS_ModBus.c **** 0X0A00, 0XCAC1, 0XCB81, 0X0B40, 0XC901, 0X09C0, 0X0880, 0XC841,
  12:Core/Src/NOS_ModBus.c **** 0XD801, 0X18C0, 0X1980, 0XD941, 0X1B00, 0XDBC1, 0XDA81, 0X1A40,
  13:Core/Src/NOS_ModBus.c **** 0X1E00, 0XDEC1, 0XDF81, 0X1F40, 0XDD01, 0X1DC0, 0X1C80, 0XDC41,
  14:Core/Src/NOS_ModBus.c **** 0X1400, 0XD4C1, 0XD581, 0X1540, 0XD701, 0X17C0, 0X1680, 0XD641,
  15:Core/Src/NOS_ModBus.c **** 0XD201, 0X12C0, 0X1380, 0XD341, 0X1100, 0XD1C1, 0XD081, 0X1040,
  16:Core/Src/NOS_ModBus.c **** 0XF001, 0X30C0, 0X3180, 0XF141, 0X3300, 0XF3C1, 0XF281, 0X3240,
  17:Core/Src/NOS_ModBus.c **** 0X3600, 0XF6C1, 0XF781, 0X3740, 0XF501, 0X35C0, 0X3480, 0XF441,
  18:Core/Src/NOS_ModBus.c **** 0X3C00, 0XFCC1, 0XFD81, 0X3D40, 0XFF01, 0X3FC0, 0X3E80, 0XFE41,
  19:Core/Src/NOS_ModBus.c **** 0XFA01, 0X3AC0, 0X3B80, 0XFB41, 0X3900, 0XF9C1, 0XF881, 0X3840,
  20:Core/Src/NOS_ModBus.c **** 0X2800, 0XE8C1, 0XE981, 0X2940, 0XEB01, 0X2BC0, 0X2A80, 0XEA41,
  21:Core/Src/NOS_ModBus.c **** 0XEE01, 0X2EC0, 0X2F80, 0XEF41, 0X2D00, 0XEDC1, 0XEC81, 0X2C40,
  22:Core/Src/NOS_ModBus.c **** 0XE401, 0X24C0, 0X2580, 0XE541, 0X2700, 0XE7C1, 0XE681, 0X2640,
  23:Core/Src/NOS_ModBus.c **** 0X2200, 0XE2C1, 0XE381, 0X2340, 0XE101, 0X21C0, 0X2080, 0XE041,
ARM GAS  C:\Users\user\AppData\Local\Temp\ccPt4Ici.s 			page 2


  24:Core/Src/NOS_ModBus.c **** 0XA001, 0X60C0, 0X6180, 0XA141, 0X6300, 0XA3C1, 0XA281, 0X6240,
  25:Core/Src/NOS_ModBus.c **** 0X6600, 0XA6C1, 0XA781, 0X6740, 0XA501, 0X65C0, 0X6480, 0XA441,
  26:Core/Src/NOS_ModBus.c **** 0X6C00, 0XACC1, 0XAD81, 0X6D40, 0XAF01, 0X6FC0, 0X6E80, 0XAE41,
  27:Core/Src/NOS_ModBus.c **** 0XAA01, 0X6AC0, 0X6B80, 0XAB41, 0X6900, 0XA9C1, 0XA881, 0X6840,
  28:Core/Src/NOS_ModBus.c **** 0X7800, 0XB8C1, 0XB981, 0X7940, 0XBB01, 0X7BC0, 0X7A80, 0XBA41,
  29:Core/Src/NOS_ModBus.c **** 0XBE01, 0X7EC0, 0X7F80, 0XBF41, 0X7D00, 0XBDC1, 0XBC81, 0X7C40,
  30:Core/Src/NOS_ModBus.c **** 0XB401, 0X74C0, 0X7580, 0XB541, 0X7700, 0XB7C1, 0XB681, 0X7640,
  31:Core/Src/NOS_ModBus.c **** 0X7200, 0XB2C1, 0XB381, 0X7340, 0XB101, 0X71C0, 0X7080, 0XB041,
  32:Core/Src/NOS_ModBus.c **** 0X5000, 0X90C1, 0X9181, 0X5140, 0X9301, 0X53C0, 0X5280, 0X9241,
  33:Core/Src/NOS_ModBus.c **** 0X9601, 0X56C0, 0X5780, 0X9741, 0X5500, 0X95C1, 0X9481, 0X5440,
  34:Core/Src/NOS_ModBus.c **** 0X9C01, 0X5CC0, 0X5D80, 0X9D41, 0X5F00, 0X9FC1, 0X9E81, 0X5E40,
  35:Core/Src/NOS_ModBus.c **** 0X5A00, 0X9AC1, 0X9B81, 0X5B40, 0X9901, 0X59C0, 0X5880, 0X9841,
  36:Core/Src/NOS_ModBus.c **** 0X8801, 0X48C0, 0X4980, 0X8941, 0X4B00, 0X8BC1, 0X8A81, 0X4A40,
  37:Core/Src/NOS_ModBus.c **** 0X4E00, 0X8EC1, 0X8F81, 0X4F40, 0X8D01, 0X4DC0, 0X4C80, 0X8C41,
  38:Core/Src/NOS_ModBus.c **** 0X4400, 0X84C1, 0X8581, 0X4540, 0X8701, 0X47C0, 0X4680, 0X8641,
  39:Core/Src/NOS_ModBus.c **** 0X8201, 0X42C0, 0X4380, 0X8341, 0X4100, 0X81C1, 0X8081, 0X4040 };
  40:Core/Src/NOS_ModBus.c **** 
  41:Core/Src/NOS_ModBus.c **** uint8_t nTemp;
  36              		.loc 1 41 1 view .LVU3
  42:Core/Src/NOS_ModBus.c **** uint16_t wCRCWord = 0xFFFF;
  37              		.loc 1 42 1 view .LVU4
  38              	.LVL1:
  43:Core/Src/NOS_ModBus.c **** 
  44:Core/Src/NOS_ModBus.c ****    while (wLength--)
  39              		.loc 1 44 4 view .LVU5
  42:Core/Src/NOS_ModBus.c **** uint16_t wCRCWord = 0xFFFF;
  40              		.loc 1 42 10 is_stmt 0 view .LVU6
  41 0002 4FF6FF70 		movw	r0, #65535
  42              	.LVL2:
  43              		.loc 1 44 10 is_stmt 1 view .LVU7
  44              		.loc 1 44 18 is_stmt 0 view .LVU8
  45 0006 4A1E     		subs	r2, r1, #1
  46 0008 D2B2     		uxtb	r2, r2
  47              	.LVL3:
  48              		.loc 1 44 10 view .LVU9
  49 000a 81B1     		cbz	r1, .L8
   6:Core/Src/NOS_ModBus.c **** static const uint16_t wCRCTable[] = {
  50              		.loc 1 6 1 view .LVU10
  51 000c 10B4     		push	{r4}
  52              	.LCFI0:
  53              		.cfi_def_cfa_offset 4
  54              		.cfi_offset 4, -4
  55              	.L3:
  45:Core/Src/NOS_ModBus.c ****    {
  46:Core/Src/NOS_ModBus.c ****       nTemp = *nData++ ^ wCRCWord;
  56              		.loc 1 46 7 is_stmt 1 view .LVU11
  57              	.LVL4:
  58              		.loc 1 46 15 is_stmt 0 view .LVU12
  59 000e 13F8011B 		ldrb	r1, [r3], #1	@ zero_extendqisi2
  60              	.LVL5:
  61              		.loc 1 46 24 view .LVU13
  62 0012 C4B2     		uxtb	r4, r0
  63              		.loc 1 46 13 view .LVU14
  64 0014 6140     		eors	r1, r1, r4
  65              	.LVL6:
  47:Core/Src/NOS_ModBus.c ****       wCRCWord >>= 8;
  66              		.loc 1 47 7 is_stmt 1 view .LVU15
ARM GAS  C:\Users\user\AppData\Local\Temp\ccPt4Ici.s 			page 3


  48:Core/Src/NOS_ModBus.c ****       wCRCWord ^= wCRCTable[nTemp];
  67              		.loc 1 48 7 view .LVU16
  68              		.loc 1 48 28 is_stmt 0 view .LVU17
  69 0016 064C     		ldr	r4, .L9
  70 0018 34F81110 		ldrh	r1, [r4, r1, lsl #1]
  71              	.LVL7:
  72              		.loc 1 48 16 view .LVU18
  73 001c 81EA1020 		eor	r0, r1, r0, lsr #8
  74              	.LVL8:
  44:Core/Src/NOS_ModBus.c ****    {
  75              		.loc 1 44 18 view .LVU19
  76 0020 1146     		mov	r1, r2
  44:Core/Src/NOS_ModBus.c ****    {
  77              		.loc 1 44 10 is_stmt 1 view .LVU20
  44:Core/Src/NOS_ModBus.c ****    {
  78              		.loc 1 44 18 is_stmt 0 view .LVU21
  79 0022 013A     		subs	r2, r2, #1
  80              	.LVL9:
  44:Core/Src/NOS_ModBus.c ****    {
  81              		.loc 1 44 18 view .LVU22
  82 0024 D2B2     		uxtb	r2, r2
  83              	.LVL10:
  44:Core/Src/NOS_ModBus.c ****    {
  84              		.loc 1 44 10 view .LVU23
  85 0026 0029     		cmp	r1, #0
  86 0028 F1D1     		bne	.L3
  49:Core/Src/NOS_ModBus.c ****    }
  50:Core/Src/NOS_ModBus.c ****    return wCRCWord;
  87              		.loc 1 50 4 is_stmt 1 view .LVU24
  51:Core/Src/NOS_ModBus.c **** 
  52:Core/Src/NOS_ModBus.c **** }
  88              		.loc 1 52 1 is_stmt 0 view .LVU25
  89 002a 10BC     		pop	{r4}
  90              	.LCFI1:
  91              		.cfi_restore 4
  92              		.cfi_def_cfa_offset 0
  93 002c 7047     		bx	lr
  94              	.L8:
  95              		.loc 1 52 1 view .LVU26
  96 002e 7047     		bx	lr
  97              	.L10:
  98              		.align	2
  99              	.L9:
 100 0030 00000000 		.word	.LANCHOR0
 101              		.cfi_endproc
 102              	.LFE68:
 104              		.section	.text.NOS_ModBus_ParseMasterCommand,"ax",%progbits
 105              		.align	1
 106              		.global	NOS_ModBus_ParseMasterCommand
 107              		.syntax unified
 108              		.thumb
 109              		.thumb_func
 110              		.fpu softvfp
 112              	NOS_ModBus_ParseMasterCommand:
 113              	.LVL11:
 114              	.LFB69:
  53:Core/Src/NOS_ModBus.c **** 
ARM GAS  C:\Users\user\AppData\Local\Temp\ccPt4Ici.s 			page 4


  54:Core/Src/NOS_ModBus.c **** void NOS_ModBus_ParseMasterCommand(ModBus_Master_Command* master,uint8_t* buff,uint8_t offset)
  55:Core/Src/NOS_ModBus.c **** {
 115              		.loc 1 55 1 is_stmt 1 view -0
 116              		.cfi_startproc
 117              		@ args = 0, pretend = 0, frame = 0
 118              		@ frame_needed = 0, uses_anonymous_args = 0
 119              		@ link register save eliminated.
  56:Core/Src/NOS_ModBus.c ****     NOS_Short com;
 120              		.loc 1 56 5 view .LVU28
  57:Core/Src/NOS_ModBus.c ****     master->Addr = buff[offset];
 121              		.loc 1 57 5 view .LVU29
 122              		.loc 1 57 24 is_stmt 0 view .LVU30
 123 0000 8B5C     		ldrb	r3, [r1, r2]	@ zero_extendqisi2
 124              		.loc 1 57 18 view .LVU31
 125 0002 4370     		strb	r3, [r0, #1]
  58:Core/Src/NOS_ModBus.c ****     master->Command = buff[offset + 1];
 126              		.loc 1 58 5 is_stmt 1 view .LVU32
 127              		.loc 1 58 27 is_stmt 0 view .LVU33
 128 0004 8B18     		adds	r3, r1, r2
 129 0006 5B78     		ldrb	r3, [r3, #1]	@ zero_extendqisi2
 130              		.loc 1 58 21 view .LVU34
 131 0008 8370     		strb	r3, [r0, #2]
  59:Core/Src/NOS_ModBus.c **** 
  60:Core/Src/NOS_ModBus.c ****     switch(master->Command)
 132              		.loc 1 60 5 is_stmt 1 view .LVU35
 133 000a 062B     		cmp	r3, #6
 134 000c 16D0     		beq	.L12
 135 000e 102B     		cmp	r3, #16
 136 0010 28D0     		beq	.L13
 137 0012 032B     		cmp	r3, #3
 138 0014 00D0     		beq	.L15
 139              	.LVL12:
 140              	.L11:
  61:Core/Src/NOS_ModBus.c ****     {
  62:Core/Src/NOS_ModBus.c ****     case 0x03:
  63:Core/Src/NOS_ModBus.c ****         com.bytes[1] = buff[offset + 2];
  64:Core/Src/NOS_ModBus.c ****         com.bytes[0] = buff[offset + 3];
  65:Core/Src/NOS_ModBus.c ****         master->Reg_Addr = com.data;
  66:Core/Src/NOS_ModBus.c ****         com.bytes[1] = buff[offset + 4];
  67:Core/Src/NOS_ModBus.c ****         com.bytes[0] = buff[offset + 5];
  68:Core/Src/NOS_ModBus.c ****         master->Reg_Count = com.data;
  69:Core/Src/NOS_ModBus.c ****         break;
  70:Core/Src/NOS_ModBus.c **** 
  71:Core/Src/NOS_ModBus.c ****     case 0x06:
  72:Core/Src/NOS_ModBus.c ****         com.bytes[1] = buff[offset + 2];
  73:Core/Src/NOS_ModBus.c ****         com.bytes[0] = buff[offset + 3];
  74:Core/Src/NOS_ModBus.c ****         master->Reg_Addr = com.data;
  75:Core/Src/NOS_ModBus.c ****         com.bytes[1] = buff[offset + 4];
  76:Core/Src/NOS_ModBus.c ****         com.bytes[0] = buff[offset + 5];
  77:Core/Src/NOS_ModBus.c ****         master->ShortValue.data = com.data;
  78:Core/Src/NOS_ModBus.c ****         master->type = 0;
  79:Core/Src/NOS_ModBus.c ****         break;
  80:Core/Src/NOS_ModBus.c **** 
  81:Core/Src/NOS_ModBus.c ****     case 0x10:
  82:Core/Src/NOS_ModBus.c ****         com.bytes[1] = buff[offset + 3];
  83:Core/Src/NOS_ModBus.c ****         com.bytes[0] = buff[offset + 4];
  84:Core/Src/NOS_ModBus.c ****         master->Reg_Addr = com.data;
ARM GAS  C:\Users\user\AppData\Local\Temp\ccPt4Ici.s 			page 5


  85:Core/Src/NOS_ModBus.c ****         com.bytes[1] = buff[offset + 5];
  86:Core/Src/NOS_ModBus.c ****         com.bytes[0] = buff[offset + 6];
  87:Core/Src/NOS_ModBus.c ****         master->Reg_Count = com.data;
  88:Core/Src/NOS_ModBus.c ****         master->Byte_Count = buff[offset + 7];
  89:Core/Src/NOS_ModBus.c ****         master->FloatValue.bytes[3] = buff[offset + 8];
  90:Core/Src/NOS_ModBus.c ****         master->FloatValue.bytes[2] = buff[offset + 9];
  91:Core/Src/NOS_ModBus.c ****         master->FloatValue.bytes[1] = buff[offset + 10];
  92:Core/Src/NOS_ModBus.c ****         master->FloatValue.bytes[0] = buff[offset + 11];
  93:Core/Src/NOS_ModBus.c ****         master->type = 1;
  94:Core/Src/NOS_ModBus.c ****         break;
  95:Core/Src/NOS_ModBus.c ****     
  96:Core/Src/NOS_ModBus.c ****     default:
  97:Core/Src/NOS_ModBus.c ****    // NOS_Error_Handler("Master command out of range");
  98:Core/Src/NOS_ModBus.c ****         break;
  99:Core/Src/NOS_ModBus.c ****     }
 100:Core/Src/NOS_ModBus.c **** }
 141              		.loc 1 100 1 is_stmt 0 view .LVU36
 142 0016 7047     		bx	lr
 143              	.LVL13:
 144              	.L15:
  63:Core/Src/NOS_ModBus.c ****         com.bytes[0] = buff[offset + 3];
 145              		.loc 1 63 9 is_stmt 1 view .LVU37
  63:Core/Src/NOS_ModBus.c ****         com.bytes[0] = buff[offset + 3];
 146              		.loc 1 63 28 is_stmt 0 view .LVU38
 147 0018 1144     		add	r1, r1, r2
 148              	.LVL14:
  63:Core/Src/NOS_ModBus.c ****         com.bytes[0] = buff[offset + 3];
 149              		.loc 1 63 28 view .LVU39
 150 001a 8A78     		ldrb	r2, [r1, #2]	@ zero_extendqisi2
 151              	.LVL15:
  63:Core/Src/NOS_ModBus.c ****         com.bytes[0] = buff[offset + 3];
 152              		.loc 1 63 22 view .LVU40
 153 001c 4FF00003 		mov	r3, #0	@ movhi
 154              	.LVL16:
  63:Core/Src/NOS_ModBus.c ****         com.bytes[0] = buff[offset + 3];
 155              		.loc 1 63 22 view .LVU41
 156 0020 62F30F23 		bfi	r3, r2, #8, #8
 157              	.LVL17:
  64:Core/Src/NOS_ModBus.c ****         master->Reg_Addr = com.data;
 158              		.loc 1 64 9 is_stmt 1 view .LVU42
  64:Core/Src/NOS_ModBus.c ****         master->Reg_Addr = com.data;
 159              		.loc 1 64 28 is_stmt 0 view .LVU43
 160 0024 CA78     		ldrb	r2, [r1, #3]	@ zero_extendqisi2
  64:Core/Src/NOS_ModBus.c ****         master->Reg_Addr = com.data;
 161              		.loc 1 64 22 view .LVU44
 162 0026 62F30703 		bfi	r3, r2, #0, #8
  65:Core/Src/NOS_ModBus.c ****         com.bytes[1] = buff[offset + 4];
 163              		.loc 1 65 9 is_stmt 1 view .LVU45
  65:Core/Src/NOS_ModBus.c ****         com.bytes[1] = buff[offset + 4];
 164              		.loc 1 65 26 is_stmt 0 view .LVU46
 165 002a 8380     		strh	r3, [r0, #4]	@ movhi
  66:Core/Src/NOS_ModBus.c ****         com.bytes[0] = buff[offset + 5];
 166              		.loc 1 66 9 is_stmt 1 view .LVU47
  66:Core/Src/NOS_ModBus.c ****         com.bytes[0] = buff[offset + 5];
 167              		.loc 1 66 28 is_stmt 0 view .LVU48
 168 002c 0A79     		ldrb	r2, [r1, #4]	@ zero_extendqisi2
  66:Core/Src/NOS_ModBus.c ****         com.bytes[0] = buff[offset + 5];
ARM GAS  C:\Users\user\AppData\Local\Temp\ccPt4Ici.s 			page 6


 169              		.loc 1 66 22 view .LVU49
 170 002e 62F30F23 		bfi	r3, r2, #8, #8
  67:Core/Src/NOS_ModBus.c ****         master->Reg_Count = com.data;
 171              		.loc 1 67 9 is_stmt 1 view .LVU50
  67:Core/Src/NOS_ModBus.c ****         master->Reg_Count = com.data;
 172              		.loc 1 67 28 is_stmt 0 view .LVU51
 173 0032 4A79     		ldrb	r2, [r1, #5]	@ zero_extendqisi2
  67:Core/Src/NOS_ModBus.c ****         master->Reg_Count = com.data;
 174              		.loc 1 67 22 view .LVU52
 175 0034 62F30703 		bfi	r3, r2, #0, #8
  68:Core/Src/NOS_ModBus.c ****         break;
 176              		.loc 1 68 9 is_stmt 1 view .LVU53
  68:Core/Src/NOS_ModBus.c ****         break;
 177              		.loc 1 68 27 is_stmt 0 view .LVU54
 178 0038 C380     		strh	r3, [r0, #6]	@ movhi
  69:Core/Src/NOS_ModBus.c **** 
 179              		.loc 1 69 9 is_stmt 1 view .LVU55
 180 003a 7047     		bx	lr
 181              	.LVL18:
 182              	.L12:
  72:Core/Src/NOS_ModBus.c ****         com.bytes[0] = buff[offset + 3];
 183              		.loc 1 72 9 view .LVU56
  72:Core/Src/NOS_ModBus.c ****         com.bytes[0] = buff[offset + 3];
 184              		.loc 1 72 28 is_stmt 0 view .LVU57
 185 003c 1144     		add	r1, r1, r2
 186              	.LVL19:
  72:Core/Src/NOS_ModBus.c ****         com.bytes[0] = buff[offset + 3];
 187              		.loc 1 72 28 view .LVU58
 188 003e 8A78     		ldrb	r2, [r1, #2]	@ zero_extendqisi2
 189              	.LVL20:
  72:Core/Src/NOS_ModBus.c ****         com.bytes[0] = buff[offset + 3];
 190              		.loc 1 72 22 view .LVU59
 191 0040 4FF00003 		mov	r3, #0	@ movhi
  72:Core/Src/NOS_ModBus.c ****         com.bytes[0] = buff[offset + 3];
 192              		.loc 1 72 22 view .LVU60
 193 0044 62F30F23 		bfi	r3, r2, #8, #8
 194              	.LVL21:
  73:Core/Src/NOS_ModBus.c ****         master->Reg_Addr = com.data;
 195              		.loc 1 73 9 is_stmt 1 view .LVU61
  73:Core/Src/NOS_ModBus.c ****         master->Reg_Addr = com.data;
 196              		.loc 1 73 28 is_stmt 0 view .LVU62
 197 0048 CA78     		ldrb	r2, [r1, #3]	@ zero_extendqisi2
  73:Core/Src/NOS_ModBus.c ****         master->Reg_Addr = com.data;
 198              		.loc 1 73 22 view .LVU63
 199 004a 62F30703 		bfi	r3, r2, #0, #8
  74:Core/Src/NOS_ModBus.c ****         com.bytes[1] = buff[offset + 4];
 200              		.loc 1 74 9 is_stmt 1 view .LVU64
  74:Core/Src/NOS_ModBus.c ****         com.bytes[1] = buff[offset + 4];
 201              		.loc 1 74 26 is_stmt 0 view .LVU65
 202 004e 8380     		strh	r3, [r0, #4]	@ movhi
  75:Core/Src/NOS_ModBus.c ****         com.bytes[0] = buff[offset + 5];
 203              		.loc 1 75 9 is_stmt 1 view .LVU66
  75:Core/Src/NOS_ModBus.c ****         com.bytes[0] = buff[offset + 5];
 204              		.loc 1 75 28 is_stmt 0 view .LVU67
 205 0050 0A79     		ldrb	r2, [r1, #4]	@ zero_extendqisi2
  75:Core/Src/NOS_ModBus.c ****         com.bytes[0] = buff[offset + 5];
 206              		.loc 1 75 22 view .LVU68
ARM GAS  C:\Users\user\AppData\Local\Temp\ccPt4Ici.s 			page 7


 207 0052 62F30F23 		bfi	r3, r2, #8, #8
  76:Core/Src/NOS_ModBus.c ****         master->ShortValue.data = com.data;
 208              		.loc 1 76 9 is_stmt 1 view .LVU69
  76:Core/Src/NOS_ModBus.c ****         master->ShortValue.data = com.data;
 209              		.loc 1 76 28 is_stmt 0 view .LVU70
 210 0056 4A79     		ldrb	r2, [r1, #5]	@ zero_extendqisi2
  76:Core/Src/NOS_ModBus.c ****         master->ShortValue.data = com.data;
 211              		.loc 1 76 22 view .LVU71
 212 0058 62F30703 		bfi	r3, r2, #0, #8
  77:Core/Src/NOS_ModBus.c ****         master->type = 0;
 213              		.loc 1 77 9 is_stmt 1 view .LVU72
  77:Core/Src/NOS_ModBus.c ****         master->type = 0;
 214              		.loc 1 77 33 is_stmt 0 view .LVU73
 215 005c 0381     		strh	r3, [r0, #8]	@ movhi
  78:Core/Src/NOS_ModBus.c ****         break;
 216              		.loc 1 78 9 is_stmt 1 view .LVU74
  78:Core/Src/NOS_ModBus.c ****         break;
 217              		.loc 1 78 22 is_stmt 0 view .LVU75
 218 005e 0023     		movs	r3, #0
 219              	.LVL22:
  78:Core/Src/NOS_ModBus.c ****         break;
 220              		.loc 1 78 22 view .LVU76
 221 0060 0370     		strb	r3, [r0]
  79:Core/Src/NOS_ModBus.c **** 
 222              		.loc 1 79 9 is_stmt 1 view .LVU77
 223 0062 7047     		bx	lr
 224              	.LVL23:
 225              	.L13:
  82:Core/Src/NOS_ModBus.c ****         com.bytes[0] = buff[offset + 4];
 226              		.loc 1 82 9 view .LVU78
  82:Core/Src/NOS_ModBus.c ****         com.bytes[0] = buff[offset + 4];
 227              		.loc 1 82 28 is_stmt 0 view .LVU79
 228 0064 1144     		add	r1, r1, r2
 229              	.LVL24:
  82:Core/Src/NOS_ModBus.c ****         com.bytes[0] = buff[offset + 4];
 230              		.loc 1 82 28 view .LVU80
 231 0066 CA78     		ldrb	r2, [r1, #3]	@ zero_extendqisi2
 232              	.LVL25:
  82:Core/Src/NOS_ModBus.c ****         com.bytes[0] = buff[offset + 4];
 233              		.loc 1 82 22 view .LVU81
 234 0068 4FF00003 		mov	r3, #0	@ movhi
  82:Core/Src/NOS_ModBus.c ****         com.bytes[0] = buff[offset + 4];
 235              		.loc 1 82 22 view .LVU82
 236 006c 62F30F23 		bfi	r3, r2, #8, #8
 237              	.LVL26:
  83:Core/Src/NOS_ModBus.c ****         master->Reg_Addr = com.data;
 238              		.loc 1 83 9 is_stmt 1 view .LVU83
  83:Core/Src/NOS_ModBus.c ****         master->Reg_Addr = com.data;
 239              		.loc 1 83 28 is_stmt 0 view .LVU84
 240 0070 0A79     		ldrb	r2, [r1, #4]	@ zero_extendqisi2
  83:Core/Src/NOS_ModBus.c ****         master->Reg_Addr = com.data;
 241              		.loc 1 83 22 view .LVU85
 242 0072 62F30703 		bfi	r3, r2, #0, #8
  84:Core/Src/NOS_ModBus.c ****         com.bytes[1] = buff[offset + 5];
 243              		.loc 1 84 9 is_stmt 1 view .LVU86
  84:Core/Src/NOS_ModBus.c ****         com.bytes[1] = buff[offset + 5];
 244              		.loc 1 84 26 is_stmt 0 view .LVU87
ARM GAS  C:\Users\user\AppData\Local\Temp\ccPt4Ici.s 			page 8


 245 0076 8380     		strh	r3, [r0, #4]	@ movhi
  85:Core/Src/NOS_ModBus.c ****         com.bytes[0] = buff[offset + 6];
 246              		.loc 1 85 9 is_stmt 1 view .LVU88
  85:Core/Src/NOS_ModBus.c ****         com.bytes[0] = buff[offset + 6];
 247              		.loc 1 85 28 is_stmt 0 view .LVU89
 248 0078 4A79     		ldrb	r2, [r1, #5]	@ zero_extendqisi2
  85:Core/Src/NOS_ModBus.c ****         com.bytes[0] = buff[offset + 6];
 249              		.loc 1 85 22 view .LVU90
 250 007a 62F30F23 		bfi	r3, r2, #8, #8
  86:Core/Src/NOS_ModBus.c ****         master->Reg_Count = com.data;
 251              		.loc 1 86 9 is_stmt 1 view .LVU91
  86:Core/Src/NOS_ModBus.c ****         master->Reg_Count = com.data;
 252              		.loc 1 86 28 is_stmt 0 view .LVU92
 253 007e 8A79     		ldrb	r2, [r1, #6]	@ zero_extendqisi2
  86:Core/Src/NOS_ModBus.c ****         master->Reg_Count = com.data;
 254              		.loc 1 86 22 view .LVU93
 255 0080 62F30703 		bfi	r3, r2, #0, #8
  87:Core/Src/NOS_ModBus.c ****         master->Byte_Count = buff[offset + 7];
 256              		.loc 1 87 9 is_stmt 1 view .LVU94
  87:Core/Src/NOS_ModBus.c ****         master->Byte_Count = buff[offset + 7];
 257              		.loc 1 87 27 is_stmt 0 view .LVU95
 258 0084 C380     		strh	r3, [r0, #6]	@ movhi
  88:Core/Src/NOS_ModBus.c ****         master->FloatValue.bytes[3] = buff[offset + 8];
 259              		.loc 1 88 9 is_stmt 1 view .LVU96
  88:Core/Src/NOS_ModBus.c ****         master->FloatValue.bytes[3] = buff[offset + 8];
 260              		.loc 1 88 34 is_stmt 0 view .LVU97
 261 0086 CB79     		ldrb	r3, [r1, #7]	@ zero_extendqisi2
 262              	.LVL27:
  88:Core/Src/NOS_ModBus.c ****         master->FloatValue.bytes[3] = buff[offset + 8];
 263              		.loc 1 88 28 view .LVU98
 264 0088 C370     		strb	r3, [r0, #3]
  89:Core/Src/NOS_ModBus.c ****         master->FloatValue.bytes[2] = buff[offset + 9];
 265              		.loc 1 89 9 is_stmt 1 view .LVU99
  89:Core/Src/NOS_ModBus.c ****         master->FloatValue.bytes[2] = buff[offset + 9];
 266              		.loc 1 89 43 is_stmt 0 view .LVU100
 267 008a 0B7A     		ldrb	r3, [r1, #8]	@ zero_extendqisi2
  89:Core/Src/NOS_ModBus.c ****         master->FloatValue.bytes[2] = buff[offset + 9];
 268              		.loc 1 89 37 view .LVU101
 269 008c C373     		strb	r3, [r0, #15]
  90:Core/Src/NOS_ModBus.c ****         master->FloatValue.bytes[1] = buff[offset + 10];
 270              		.loc 1 90 9 is_stmt 1 view .LVU102
  90:Core/Src/NOS_ModBus.c ****         master->FloatValue.bytes[1] = buff[offset + 10];
 271              		.loc 1 90 43 is_stmt 0 view .LVU103
 272 008e 4B7A     		ldrb	r3, [r1, #9]	@ zero_extendqisi2
  90:Core/Src/NOS_ModBus.c ****         master->FloatValue.bytes[1] = buff[offset + 10];
 273              		.loc 1 90 37 view .LVU104
 274 0090 8373     		strb	r3, [r0, #14]
  91:Core/Src/NOS_ModBus.c ****         master->FloatValue.bytes[0] = buff[offset + 11];
 275              		.loc 1 91 9 is_stmt 1 view .LVU105
  91:Core/Src/NOS_ModBus.c ****         master->FloatValue.bytes[0] = buff[offset + 11];
 276              		.loc 1 91 43 is_stmt 0 view .LVU106
 277 0092 8B7A     		ldrb	r3, [r1, #10]	@ zero_extendqisi2
  91:Core/Src/NOS_ModBus.c ****         master->FloatValue.bytes[0] = buff[offset + 11];
 278              		.loc 1 91 37 view .LVU107
 279 0094 4373     		strb	r3, [r0, #13]
  92:Core/Src/NOS_ModBus.c ****         master->type = 1;
 280              		.loc 1 92 9 is_stmt 1 view .LVU108
ARM GAS  C:\Users\user\AppData\Local\Temp\ccPt4Ici.s 			page 9


  92:Core/Src/NOS_ModBus.c ****         master->type = 1;
 281              		.loc 1 92 43 is_stmt 0 view .LVU109
 282 0096 CB7A     		ldrb	r3, [r1, #11]	@ zero_extendqisi2
  92:Core/Src/NOS_ModBus.c ****         master->type = 1;
 283              		.loc 1 92 37 view .LVU110
 284 0098 0373     		strb	r3, [r0, #12]
  93:Core/Src/NOS_ModBus.c ****         break;
 285              		.loc 1 93 9 is_stmt 1 view .LVU111
  93:Core/Src/NOS_ModBus.c ****         break;
 286              		.loc 1 93 22 is_stmt 0 view .LVU112
 287 009a 0123     		movs	r3, #1
 288 009c 0370     		strb	r3, [r0]
  94:Core/Src/NOS_ModBus.c ****     
 289              		.loc 1 94 9 is_stmt 1 view .LVU113
 290              		.loc 1 100 1 is_stmt 0 view .LVU114
 291 009e BAE7     		b	.L11
 292              		.cfi_endproc
 293              	.LFE69:
 295              		.section	.text.NOS_ModBus_ParseSlaveCommand,"ax",%progbits
 296              		.align	1
 297              		.global	NOS_ModBus_ParseSlaveCommand
 298              		.syntax unified
 299              		.thumb
 300              		.thumb_func
 301              		.fpu softvfp
 303              	NOS_ModBus_ParseSlaveCommand:
 304              	.LVL28:
 305              	.LFB70:
 101:Core/Src/NOS_ModBus.c **** 
 102:Core/Src/NOS_ModBus.c **** void NOS_ModBus_ParseSlaveCommand(ModBus_Slave_Command* slave,uint8_t* buff,uint8_t offset)
 103:Core/Src/NOS_ModBus.c **** {
 306              		.loc 1 103 1 is_stmt 1 view -0
 307              		.cfi_startproc
 308              		@ args = 0, pretend = 0, frame = 0
 309              		@ frame_needed = 0, uses_anonymous_args = 0
 310              		@ link register save eliminated.
 104:Core/Src/NOS_ModBus.c ****    slave->Addr = buff[offset];
 311              		.loc 1 104 4 view .LVU116
 312              		.loc 1 104 22 is_stmt 0 view .LVU117
 313 0000 8B5C     		ldrb	r3, [r1, r2]	@ zero_extendqisi2
 314              		.loc 1 104 16 view .LVU118
 315 0002 4370     		strb	r3, [r0, #1]
 105:Core/Src/NOS_ModBus.c ****    slave->Command = buff[offset + 1];
 316              		.loc 1 105 4 is_stmt 1 view .LVU119
 317              		.loc 1 105 25 is_stmt 0 view .LVU120
 318 0004 01EB020C 		add	ip, r1, r2
 319 0008 9CF80130 		ldrb	r3, [ip, #1]	@ zero_extendqisi2
 320              		.loc 1 105 19 view .LVU121
 321 000c 8370     		strb	r3, [r0, #2]
 106:Core/Src/NOS_ModBus.c ****    slave->Byte_Count = buff[offset + 2];
 322              		.loc 1 106 4 is_stmt 1 view .LVU122
 323              		.loc 1 106 28 is_stmt 0 view .LVU123
 324 000e 9CF802C0 		ldrb	ip, [ip, #2]	@ zero_extendqisi2
 325              		.loc 1 106 22 view .LVU124
 326 0012 80F803C0 		strb	ip, [r0, #3]
 107:Core/Src/NOS_ModBus.c **** 
 108:Core/Src/NOS_ModBus.c ****    switch(slave->Command)
ARM GAS  C:\Users\user\AppData\Local\Temp\ccPt4Ici.s 			page 10


 327              		.loc 1 108 4 is_stmt 1 view .LVU125
 328 0016 032B     		cmp	r3, #3
 329 0018 00D0     		beq	.L19
 330              	.LVL29:
 331              	.L16:
 109:Core/Src/NOS_ModBus.c ****    {
 110:Core/Src/NOS_ModBus.c ****        case 0x03:
 111:Core/Src/NOS_ModBus.c ****        if(slave->Byte_Count == 2)
 112:Core/Src/NOS_ModBus.c ****        {
 113:Core/Src/NOS_ModBus.c ****           slave->ShortValue.bytes[1] = buff[offset + 3];
 114:Core/Src/NOS_ModBus.c ****           slave->ShortValue.bytes[0] = buff[offset + 4];
 115:Core/Src/NOS_ModBus.c ****           slave->type = 0;
 116:Core/Src/NOS_ModBus.c ****        }
 117:Core/Src/NOS_ModBus.c ****        else
 118:Core/Src/NOS_ModBus.c ****        {
 119:Core/Src/NOS_ModBus.c ****           slave->FloatValue.bytes[3] = buff[offset + 3];
 120:Core/Src/NOS_ModBus.c ****           slave->FloatValue.bytes[2] = buff[offset + 4];
 121:Core/Src/NOS_ModBus.c ****           slave->FloatValue.bytes[1] = buff[offset + 5];
 122:Core/Src/NOS_ModBus.c ****           slave->FloatValue.bytes[0] = buff[offset + 6];
 123:Core/Src/NOS_ModBus.c ****           slave->type = 1;
 124:Core/Src/NOS_ModBus.c ****        }
 125:Core/Src/NOS_ModBus.c ****        break;
 126:Core/Src/NOS_ModBus.c **** 
 127:Core/Src/NOS_ModBus.c ****        default:
 128:Core/Src/NOS_ModBus.c ****  //         NOS_Error_Handler("Slave command out of range");
 129:Core/Src/NOS_ModBus.c ****        break;
 130:Core/Src/NOS_ModBus.c ****    }
 131:Core/Src/NOS_ModBus.c **** }
 332              		.loc 1 131 1 is_stmt 0 view .LVU126
 333 001a 7047     		bx	lr
 334              	.LVL30:
 335              	.L19:
 111:Core/Src/NOS_ModBus.c ****        {
 336              		.loc 1 111 8 is_stmt 1 view .LVU127
 111:Core/Src/NOS_ModBus.c ****        {
 337              		.loc 1 111 10 is_stmt 0 view .LVU128
 338 001c BCF1020F 		cmp	ip, #2
 339 0020 0BD0     		beq	.L20
 119:Core/Src/NOS_ModBus.c ****           slave->FloatValue.bytes[2] = buff[offset + 4];
 340              		.loc 1 119 11 is_stmt 1 view .LVU129
 119:Core/Src/NOS_ModBus.c ****           slave->FloatValue.bytes[2] = buff[offset + 4];
 341              		.loc 1 119 44 is_stmt 0 view .LVU130
 342 0022 1144     		add	r1, r1, r2
 343              	.LVL31:
 119:Core/Src/NOS_ModBus.c ****           slave->FloatValue.bytes[2] = buff[offset + 4];
 344              		.loc 1 119 44 view .LVU131
 345 0024 CB78     		ldrb	r3, [r1, #3]	@ zero_extendqisi2
 119:Core/Src/NOS_ModBus.c ****           slave->FloatValue.bytes[2] = buff[offset + 4];
 346              		.loc 1 119 38 view .LVU132
 347 0026 C372     		strb	r3, [r0, #11]
 120:Core/Src/NOS_ModBus.c ****           slave->FloatValue.bytes[1] = buff[offset + 5];
 348              		.loc 1 120 11 is_stmt 1 view .LVU133
 120:Core/Src/NOS_ModBus.c ****           slave->FloatValue.bytes[1] = buff[offset + 5];
 349              		.loc 1 120 44 is_stmt 0 view .LVU134
 350 0028 0B79     		ldrb	r3, [r1, #4]	@ zero_extendqisi2
 120:Core/Src/NOS_ModBus.c ****           slave->FloatValue.bytes[1] = buff[offset + 5];
 351              		.loc 1 120 38 view .LVU135
ARM GAS  C:\Users\user\AppData\Local\Temp\ccPt4Ici.s 			page 11


 352 002a 8372     		strb	r3, [r0, #10]
 121:Core/Src/NOS_ModBus.c ****           slave->FloatValue.bytes[0] = buff[offset + 6];
 353              		.loc 1 121 11 is_stmt 1 view .LVU136
 121:Core/Src/NOS_ModBus.c ****           slave->FloatValue.bytes[0] = buff[offset + 6];
 354              		.loc 1 121 44 is_stmt 0 view .LVU137
 355 002c 4B79     		ldrb	r3, [r1, #5]	@ zero_extendqisi2
 121:Core/Src/NOS_ModBus.c ****           slave->FloatValue.bytes[0] = buff[offset + 6];
 356              		.loc 1 121 38 view .LVU138
 357 002e 4372     		strb	r3, [r0, #9]
 122:Core/Src/NOS_ModBus.c ****           slave->type = 1;
 358              		.loc 1 122 11 is_stmt 1 view .LVU139
 122:Core/Src/NOS_ModBus.c ****           slave->type = 1;
 359              		.loc 1 122 44 is_stmt 0 view .LVU140
 360 0030 8B79     		ldrb	r3, [r1, #6]	@ zero_extendqisi2
 122:Core/Src/NOS_ModBus.c ****           slave->type = 1;
 361              		.loc 1 122 38 view .LVU141
 362 0032 0372     		strb	r3, [r0, #8]
 123:Core/Src/NOS_ModBus.c ****        }
 363              		.loc 1 123 11 is_stmt 1 view .LVU142
 123:Core/Src/NOS_ModBus.c ****        }
 364              		.loc 1 123 23 is_stmt 0 view .LVU143
 365 0034 0123     		movs	r3, #1
 366 0036 0370     		strb	r3, [r0]
 367              		.loc 1 131 1 view .LVU144
 368 0038 EFE7     		b	.L16
 369              	.LVL32:
 370              	.L20:
 113:Core/Src/NOS_ModBus.c ****           slave->ShortValue.bytes[0] = buff[offset + 4];
 371              		.loc 1 113 11 is_stmt 1 view .LVU145
 113:Core/Src/NOS_ModBus.c ****           slave->ShortValue.bytes[0] = buff[offset + 4];
 372              		.loc 1 113 44 is_stmt 0 view .LVU146
 373 003a 1144     		add	r1, r1, r2
 374              	.LVL33:
 113:Core/Src/NOS_ModBus.c ****           slave->ShortValue.bytes[0] = buff[offset + 4];
 375              		.loc 1 113 44 view .LVU147
 376 003c CB78     		ldrb	r3, [r1, #3]	@ zero_extendqisi2
 113:Core/Src/NOS_ModBus.c ****           slave->ShortValue.bytes[0] = buff[offset + 4];
 377              		.loc 1 113 38 view .LVU148
 378 003e 4371     		strb	r3, [r0, #5]
 114:Core/Src/NOS_ModBus.c ****           slave->type = 0;
 379              		.loc 1 114 11 is_stmt 1 view .LVU149
 114:Core/Src/NOS_ModBus.c ****           slave->type = 0;
 380              		.loc 1 114 44 is_stmt 0 view .LVU150
 381 0040 0B79     		ldrb	r3, [r1, #4]	@ zero_extendqisi2
 114:Core/Src/NOS_ModBus.c ****           slave->type = 0;
 382              		.loc 1 114 38 view .LVU151
 383 0042 0371     		strb	r3, [r0, #4]
 115:Core/Src/NOS_ModBus.c ****        }
 384              		.loc 1 115 11 is_stmt 1 view .LVU152
 115:Core/Src/NOS_ModBus.c ****        }
 385              		.loc 1 115 23 is_stmt 0 view .LVU153
 386 0044 0023     		movs	r3, #0
 387 0046 0370     		strb	r3, [r0]
 388 0048 7047     		bx	lr
 389              		.cfi_endproc
 390              	.LFE70:
 392              		.section	.text.NOS_ModBus_SetMasterCommand,"ax",%progbits
ARM GAS  C:\Users\user\AppData\Local\Temp\ccPt4Ici.s 			page 12


 393              		.align	1
 394              		.global	NOS_ModBus_SetMasterCommand
 395              		.syntax unified
 396              		.thumb
 397              		.thumb_func
 398              		.fpu softvfp
 400              	NOS_ModBus_SetMasterCommand:
 401              	.LVL34:
 402              	.LFB71:
 132:Core/Src/NOS_ModBus.c **** 
 133:Core/Src/NOS_ModBus.c **** 
 134:Core/Src/NOS_ModBus.c **** void NOS_ModBus_SetMasterCommand(ModBus_Master_Command* master,uint8_t addr,uint8_t command,uint16_
 135:Core/Src/NOS_ModBus.c **** {
 403              		.loc 1 135 1 is_stmt 1 view -0
 404              		.cfi_startproc
 405              		@ args = 4, pretend = 0, frame = 0
 406              		@ frame_needed = 0, uses_anonymous_args = 0
 407              		@ link register save eliminated.
 136:Core/Src/NOS_ModBus.c ****    
 137:Core/Src/NOS_ModBus.c **** }
 408              		.loc 1 137 1 view .LVU155
 409 0000 7047     		bx	lr
 410              		.cfi_endproc
 411              	.LFE71:
 413              		.section	.text.NOS_ModBus_SetSlaveCommand,"ax",%progbits
 414              		.align	1
 415              		.global	NOS_ModBus_SetSlaveCommand
 416              		.syntax unified
 417              		.thumb
 418              		.thumb_func
 419              		.fpu softvfp
 421              	NOS_ModBus_SetSlaveCommand:
 422              	.LVL35:
 423              	.LFB72:
 138:Core/Src/NOS_ModBus.c **** 
 139:Core/Src/NOS_ModBus.c **** void NOS_ModBus_SetSlaveCommand(ModBus_Slave_Command* slave,uint8_t addr,uint8_t command,uint8_t by
 140:Core/Src/NOS_ModBus.c **** {
 424              		.loc 1 140 1 view -0
 425              		.cfi_startproc
 426              		@ args = 12, pretend = 0, frame = 0
 427              		@ frame_needed = 0, uses_anonymous_args = 0
 428              		@ link register save eliminated.
 141:Core/Src/NOS_ModBus.c ****    slave->Addr = addr;
 429              		.loc 1 141 4 view .LVU157
 430              		.loc 1 141 16 is_stmt 0 view .LVU158
 431 0000 4170     		strb	r1, [r0, #1]
 142:Core/Src/NOS_ModBus.c ****    slave->Byte_Count = byteCount;
 432              		.loc 1 142 4 is_stmt 1 view .LVU159
 433              		.loc 1 142 22 is_stmt 0 view .LVU160
 434 0002 C370     		strb	r3, [r0, #3]
 143:Core/Src/NOS_ModBus.c ****    slave->ShortValue = sVal;
 435              		.loc 1 143 4 is_stmt 1 view .LVU161
 436              		.loc 1 143 22 is_stmt 0 view .LVU162
 437 0004 BDF80430 		ldrh	r3, [sp, #4]
 438              	.LVL36:
 439              		.loc 1 143 22 view .LVU163
 440 0008 8380     		strh	r3, [r0, #4]	@ movhi
ARM GAS  C:\Users\user\AppData\Local\Temp\ccPt4Ici.s 			page 13


 144:Core/Src/NOS_ModBus.c **** }
 441              		.loc 1 144 1 view .LVU164
 442 000a 7047     		bx	lr
 443              		.cfi_endproc
 444              	.LFE72:
 446              		.section	.text.NOS_ModBus_AddUint16ToBuff,"ax",%progbits
 447              		.align	1
 448              		.global	NOS_ModBus_AddUint16ToBuff
 449              		.syntax unified
 450              		.thumb
 451              		.thumb_func
 452              		.fpu softvfp
 454              	NOS_ModBus_AddUint16ToBuff:
 455              	.LVL37:
 456              	.LFB73:
 145:Core/Src/NOS_ModBus.c **** 
 146:Core/Src/NOS_ModBus.c **** void NOS_ModBus_AddUint16ToBuff(uint8_t* buff,uint16_t value,uint16_t startpos)
 147:Core/Src/NOS_ModBus.c **** {
 457              		.loc 1 147 1 is_stmt 1 view -0
 458              		.cfi_startproc
 459              		@ args = 0, pretend = 0, frame = 0
 460              		@ frame_needed = 0, uses_anonymous_args = 0
 461              		@ link register save eliminated.
 148:Core/Src/NOS_ModBus.c ****    NOS_Short curr;
 462              		.loc 1 148 4 view .LVU166
 149:Core/Src/NOS_ModBus.c ****    curr.data = value;
 463              		.loc 1 149 4 view .LVU167
 150:Core/Src/NOS_ModBus.c ****    buff[startpos] = curr.bytes[1];
 464              		.loc 1 150 4 view .LVU168
 465              		.loc 1 150 19 is_stmt 0 view .LVU169
 466 0000 C1F30723 		ubfx	r3, r1, #8, #8
 467 0004 8354     		strb	r3, [r0, r2]
 151:Core/Src/NOS_ModBus.c ****    buff[startpos + 1] = curr.bytes[0];
 468              		.loc 1 151 4 is_stmt 1 view .LVU170
 469              		.loc 1 151 8 is_stmt 0 view .LVU171
 470 0006 0132     		adds	r2, r2, #1
 471              	.LVL38:
 472              		.loc 1 151 23 view .LVU172
 473 0008 8154     		strb	r1, [r0, r2]
 152:Core/Src/NOS_ModBus.c **** }
 474              		.loc 1 152 1 view .LVU173
 475 000a 7047     		bx	lr
 476              		.cfi_endproc
 477              	.LFE73:
 479              		.section	.text.NOS_ModBus_AddFloatToBuff,"ax",%progbits
 480              		.align	1
 481              		.global	NOS_ModBus_AddFloatToBuff
 482              		.syntax unified
 483              		.thumb
 484              		.thumb_func
 485              		.fpu softvfp
 487              	NOS_ModBus_AddFloatToBuff:
 488              	.LVL39:
 489              	.LFB74:
 153:Core/Src/NOS_ModBus.c **** 
 154:Core/Src/NOS_ModBus.c **** void NOS_ModBus_AddFloatToBuff(uint8_t* buff,float value,uint16_t startpos)
 155:Core/Src/NOS_ModBus.c **** {
ARM GAS  C:\Users\user\AppData\Local\Temp\ccPt4Ici.s 			page 14


 490              		.loc 1 155 1 is_stmt 1 view -0
 491              		.cfi_startproc
 492              		@ args = 0, pretend = 0, frame = 0
 493              		@ frame_needed = 0, uses_anonymous_args = 0
 494              		@ link register save eliminated.
 156:Core/Src/NOS_ModBus.c ****    NOS_Float curr;
 495              		.loc 1 156 4 view .LVU175
 157:Core/Src/NOS_ModBus.c ****    curr.data = value;
 496              		.loc 1 157 4 view .LVU176
 158:Core/Src/NOS_ModBus.c ****    buff[startpos] = curr.bytes[3];
 497              		.loc 1 158 4 view .LVU177
 498              		.loc 1 158 19 is_stmt 0 view .LVU178
 499 0000 C1F30763 		ubfx	r3, r1, #24, #8
 500 0004 8354     		strb	r3, [r0, r2]
 159:Core/Src/NOS_ModBus.c ****    buff[startpos + 1] = curr.bytes[2];
 501              		.loc 1 159 4 is_stmt 1 view .LVU179
 502              		.loc 1 159 8 is_stmt 0 view .LVU180
 503 0006 531C     		adds	r3, r2, #1
 504              		.loc 1 159 23 view .LVU181
 505 0008 C1F3074C 		ubfx	ip, r1, #16, #8
 506 000c 00F803C0 		strb	ip, [r0, r3]
 160:Core/Src/NOS_ModBus.c ****    buff[startpos + 2] = curr.bytes[1];
 507              		.loc 1 160 4 is_stmt 1 view .LVU182
 508              		.loc 1 160 8 is_stmt 0 view .LVU183
 509 0010 931C     		adds	r3, r2, #2
 510              		.loc 1 160 23 view .LVU184
 511 0012 C1F3072C 		ubfx	ip, r1, #8, #8
 512 0016 00F803C0 		strb	ip, [r0, r3]
 161:Core/Src/NOS_ModBus.c ****    buff[startpos + 3] = curr.bytes[0];
 513              		.loc 1 161 4 is_stmt 1 view .LVU185
 514              		.loc 1 161 8 is_stmt 0 view .LVU186
 515 001a 0332     		adds	r2, r2, #3
 516              	.LVL40:
 517              		.loc 1 161 23 view .LVU187
 518 001c 8154     		strb	r1, [r0, r2]
 162:Core/Src/NOS_ModBus.c **** }
 519              		.loc 1 162 1 view .LVU188
 520 001e 7047     		bx	lr
 521              		.cfi_endproc
 522              	.LFE74:
 524              		.section	.rodata.wCRCTable.0,"a"
 525              		.align	2
 526              		.set	.LANCHOR0,. + 0
 529              	wCRCTable.0:
 530 0000 0000     		.short	0
 531 0002 C1C0     		.short	-16191
 532 0004 81C1     		.short	-15999
 533 0006 4001     		.short	320
 534 0008 01C3     		.short	-15615
 535 000a C003     		.short	960
 536 000c 8002     		.short	640
 537 000e 41C2     		.short	-15807
 538 0010 01C6     		.short	-14847
 539 0012 C006     		.short	1728
 540 0014 8007     		.short	1920
 541 0016 41C7     		.short	-14527
 542 0018 0005     		.short	1280
ARM GAS  C:\Users\user\AppData\Local\Temp\ccPt4Ici.s 			page 15


 543 001a C1C5     		.short	-14911
 544 001c 81C4     		.short	-15231
 545 001e 4004     		.short	1088
 546 0020 01CC     		.short	-13311
 547 0022 C00C     		.short	3264
 548 0024 800D     		.short	3456
 549 0026 41CD     		.short	-12991
 550 0028 000F     		.short	3840
 551 002a C1CF     		.short	-12351
 552 002c 81CE     		.short	-12671
 553 002e 400E     		.short	3648
 554 0030 000A     		.short	2560
 555 0032 C1CA     		.short	-13631
 556 0034 81CB     		.short	-13439
 557 0036 400B     		.short	2880
 558 0038 01C9     		.short	-14079
 559 003a C009     		.short	2496
 560 003c 8008     		.short	2176
 561 003e 41C8     		.short	-14271
 562 0040 01D8     		.short	-10239
 563 0042 C018     		.short	6336
 564 0044 8019     		.short	6528
 565 0046 41D9     		.short	-9919
 566 0048 001B     		.short	6912
 567 004a C1DB     		.short	-9279
 568 004c 81DA     		.short	-9599
 569 004e 401A     		.short	6720
 570 0050 001E     		.short	7680
 571 0052 C1DE     		.short	-8511
 572 0054 81DF     		.short	-8319
 573 0056 401F     		.short	8000
 574 0058 01DD     		.short	-8959
 575 005a C01D     		.short	7616
 576 005c 801C     		.short	7296
 577 005e 41DC     		.short	-9151
 578 0060 0014     		.short	5120
 579 0062 C1D4     		.short	-11071
 580 0064 81D5     		.short	-10879
 581 0066 4015     		.short	5440
 582 0068 01D7     		.short	-10495
 583 006a C017     		.short	6080
 584 006c 8016     		.short	5760
 585 006e 41D6     		.short	-10687
 586 0070 01D2     		.short	-11775
 587 0072 C012     		.short	4800
 588 0074 8013     		.short	4992
 589 0076 41D3     		.short	-11455
 590 0078 0011     		.short	4352
 591 007a C1D1     		.short	-11839
 592 007c 81D0     		.short	-12159
 593 007e 4010     		.short	4160
 594 0080 01F0     		.short	-4095
 595 0082 C030     		.short	12480
 596 0084 8031     		.short	12672
 597 0086 41F1     		.short	-3775
 598 0088 0033     		.short	13056
 599 008a C1F3     		.short	-3135
ARM GAS  C:\Users\user\AppData\Local\Temp\ccPt4Ici.s 			page 16


 600 008c 81F2     		.short	-3455
 601 008e 4032     		.short	12864
 602 0090 0036     		.short	13824
 603 0092 C1F6     		.short	-2367
 604 0094 81F7     		.short	-2175
 605 0096 4037     		.short	14144
 606 0098 01F5     		.short	-2815
 607 009a C035     		.short	13760
 608 009c 8034     		.short	13440
 609 009e 41F4     		.short	-3007
 610 00a0 003C     		.short	15360
 611 00a2 C1FC     		.short	-831
 612 00a4 81FD     		.short	-639
 613 00a6 403D     		.short	15680
 614 00a8 01FF     		.short	-255
 615 00aa C03F     		.short	16320
 616 00ac 803E     		.short	16000
 617 00ae 41FE     		.short	-447
 618 00b0 01FA     		.short	-1535
 619 00b2 C03A     		.short	15040
 620 00b4 803B     		.short	15232
 621 00b6 41FB     		.short	-1215
 622 00b8 0039     		.short	14592
 623 00ba C1F9     		.short	-1599
 624 00bc 81F8     		.short	-1919
 625 00be 4038     		.short	14400
 626 00c0 0028     		.short	10240
 627 00c2 C1E8     		.short	-5951
 628 00c4 81E9     		.short	-5759
 629 00c6 4029     		.short	10560
 630 00c8 01EB     		.short	-5375
 631 00ca C02B     		.short	11200
 632 00cc 802A     		.short	10880
 633 00ce 41EA     		.short	-5567
 634 00d0 01EE     		.short	-4607
 635 00d2 C02E     		.short	11968
 636 00d4 802F     		.short	12160
 637 00d6 41EF     		.short	-4287
 638 00d8 002D     		.short	11520
 639 00da C1ED     		.short	-4671
 640 00dc 81EC     		.short	-4991
 641 00de 402C     		.short	11328
 642 00e0 01E4     		.short	-7167
 643 00e2 C024     		.short	9408
 644 00e4 8025     		.short	9600
 645 00e6 41E5     		.short	-6847
 646 00e8 0027     		.short	9984
 647 00ea C1E7     		.short	-6207
 648 00ec 81E6     		.short	-6527
 649 00ee 4026     		.short	9792
 650 00f0 0022     		.short	8704
 651 00f2 C1E2     		.short	-7487
 652 00f4 81E3     		.short	-7295
 653 00f6 4023     		.short	9024
 654 00f8 01E1     		.short	-7935
 655 00fa C021     		.short	8640
 656 00fc 8020     		.short	8320
ARM GAS  C:\Users\user\AppData\Local\Temp\ccPt4Ici.s 			page 17


 657 00fe 41E0     		.short	-8127
 658 0100 01A0     		.short	-24575
 659 0102 C060     		.short	24768
 660 0104 8061     		.short	24960
 661 0106 41A1     		.short	-24255
 662 0108 0063     		.short	25344
 663 010a C1A3     		.short	-23615
 664 010c 81A2     		.short	-23935
 665 010e 4062     		.short	25152
 666 0110 0066     		.short	26112
 667 0112 C1A6     		.short	-22847
 668 0114 81A7     		.short	-22655
 669 0116 4067     		.short	26432
 670 0118 01A5     		.short	-23295
 671 011a C065     		.short	26048
 672 011c 8064     		.short	25728
 673 011e 41A4     		.short	-23487
 674 0120 006C     		.short	27648
 675 0122 C1AC     		.short	-21311
 676 0124 81AD     		.short	-21119
 677 0126 406D     		.short	27968
 678 0128 01AF     		.short	-20735
 679 012a C06F     		.short	28608
 680 012c 806E     		.short	28288
 681 012e 41AE     		.short	-20927
 682 0130 01AA     		.short	-22015
 683 0132 C06A     		.short	27328
 684 0134 806B     		.short	27520
 685 0136 41AB     		.short	-21695
 686 0138 0069     		.short	26880
 687 013a C1A9     		.short	-22079
 688 013c 81A8     		.short	-22399
 689 013e 4068     		.short	26688
 690 0140 0078     		.short	30720
 691 0142 C1B8     		.short	-18239
 692 0144 81B9     		.short	-18047
 693 0146 4079     		.short	31040
 694 0148 01BB     		.short	-17663
 695 014a C07B     		.short	31680
 696 014c 807A     		.short	31360
 697 014e 41BA     		.short	-17855
 698 0150 01BE     		.short	-16895
 699 0152 C07E     		.short	32448
 700 0154 807F     		.short	32640
 701 0156 41BF     		.short	-16575
 702 0158 007D     		.short	32000
 703 015a C1BD     		.short	-16959
 704 015c 81BC     		.short	-17279
 705 015e 407C     		.short	31808
 706 0160 01B4     		.short	-19455
 707 0162 C074     		.short	29888
 708 0164 8075     		.short	30080
 709 0166 41B5     		.short	-19135
 710 0168 0077     		.short	30464
 711 016a C1B7     		.short	-18495
 712 016c 81B6     		.short	-18815
 713 016e 4076     		.short	30272
ARM GAS  C:\Users\user\AppData\Local\Temp\ccPt4Ici.s 			page 18


 714 0170 0072     		.short	29184
 715 0172 C1B2     		.short	-19775
 716 0174 81B3     		.short	-19583
 717 0176 4073     		.short	29504
 718 0178 01B1     		.short	-20223
 719 017a C071     		.short	29120
 720 017c 8070     		.short	28800
 721 017e 41B0     		.short	-20415
 722 0180 0050     		.short	20480
 723 0182 C190     		.short	-28479
 724 0184 8191     		.short	-28287
 725 0186 4051     		.short	20800
 726 0188 0193     		.short	-27903
 727 018a C053     		.short	21440
 728 018c 8052     		.short	21120
 729 018e 4192     		.short	-28095
 730 0190 0196     		.short	-27135
 731 0192 C056     		.short	22208
 732 0194 8057     		.short	22400
 733 0196 4197     		.short	-26815
 734 0198 0055     		.short	21760
 735 019a C195     		.short	-27199
 736 019c 8194     		.short	-27519
 737 019e 4054     		.short	21568
 738 01a0 019C     		.short	-25599
 739 01a2 C05C     		.short	23744
 740 01a4 805D     		.short	23936
 741 01a6 419D     		.short	-25279
 742 01a8 005F     		.short	24320
 743 01aa C19F     		.short	-24639
 744 01ac 819E     		.short	-24959
 745 01ae 405E     		.short	24128
 746 01b0 005A     		.short	23040
 747 01b2 C19A     		.short	-25919
 748 01b4 819B     		.short	-25727
 749 01b6 405B     		.short	23360
 750 01b8 0199     		.short	-26367
 751 01ba C059     		.short	22976
 752 01bc 8058     		.short	22656
 753 01be 4198     		.short	-26559
 754 01c0 0188     		.short	-30719
 755 01c2 C048     		.short	18624
 756 01c4 8049     		.short	18816
 757 01c6 4189     		.short	-30399
 758 01c8 004B     		.short	19200
 759 01ca C18B     		.short	-29759
 760 01cc 818A     		.short	-30079
 761 01ce 404A     		.short	19008
 762 01d0 004E     		.short	19968
 763 01d2 C18E     		.short	-28991
 764 01d4 818F     		.short	-28799
 765 01d6 404F     		.short	20288
 766 01d8 018D     		.short	-29439
 767 01da C04D     		.short	19904
 768 01dc 804C     		.short	19584
 769 01de 418C     		.short	-29631
 770 01e0 0044     		.short	17408
ARM GAS  C:\Users\user\AppData\Local\Temp\ccPt4Ici.s 			page 19


 771 01e2 C184     		.short	-31551
 772 01e4 8185     		.short	-31359
 773 01e6 4045     		.short	17728
 774 01e8 0187     		.short	-30975
 775 01ea C047     		.short	18368
 776 01ec 8046     		.short	18048
 777 01ee 4186     		.short	-31167
 778 01f0 0182     		.short	-32255
 779 01f2 C042     		.short	17088
 780 01f4 8043     		.short	17280
 781 01f6 4183     		.short	-31935
 782 01f8 0041     		.short	16640
 783 01fa C181     		.short	-32319
 784 01fc 8180     		.short	-32639
 785 01fe 4040     		.short	16448
 786              		.text
 787              	.Letext0:
 788              		.file 2 "c:\\users\\user\\appdata\\roaming\\code\\user\\globalstorage\\bmd.stm32-for-vscode\\@xpac
 789              		.file 3 "c:\\users\\user\\appdata\\roaming\\code\\user\\globalstorage\\bmd.stm32-for-vscode\\@xpac
 790              		.file 4 "Core/Src/NOS_Typedefs.h"
ARM GAS  C:\Users\user\AppData\Local\Temp\ccPt4Ici.s 			page 20


DEFINED SYMBOLS
                            *ABS*:0000000000000000 NOS_ModBus.c
C:\Users\user\AppData\Local\Temp\ccPt4Ici.s:16     .text.GetCRC16:0000000000000000 $t
C:\Users\user\AppData\Local\Temp\ccPt4Ici.s:24     .text.GetCRC16:0000000000000000 GetCRC16
C:\Users\user\AppData\Local\Temp\ccPt4Ici.s:100    .text.GetCRC16:0000000000000030 $d
C:\Users\user\AppData\Local\Temp\ccPt4Ici.s:105    .text.NOS_ModBus_ParseMasterCommand:0000000000000000 $t
C:\Users\user\AppData\Local\Temp\ccPt4Ici.s:112    .text.NOS_ModBus_ParseMasterCommand:0000000000000000 NOS_ModBus_ParseMasterCommand
C:\Users\user\AppData\Local\Temp\ccPt4Ici.s:296    .text.NOS_ModBus_ParseSlaveCommand:0000000000000000 $t
C:\Users\user\AppData\Local\Temp\ccPt4Ici.s:303    .text.NOS_ModBus_ParseSlaveCommand:0000000000000000 NOS_ModBus_ParseSlaveCommand
C:\Users\user\AppData\Local\Temp\ccPt4Ici.s:393    .text.NOS_ModBus_SetMasterCommand:0000000000000000 $t
C:\Users\user\AppData\Local\Temp\ccPt4Ici.s:400    .text.NOS_ModBus_SetMasterCommand:0000000000000000 NOS_ModBus_SetMasterCommand
C:\Users\user\AppData\Local\Temp\ccPt4Ici.s:414    .text.NOS_ModBus_SetSlaveCommand:0000000000000000 $t
C:\Users\user\AppData\Local\Temp\ccPt4Ici.s:421    .text.NOS_ModBus_SetSlaveCommand:0000000000000000 NOS_ModBus_SetSlaveCommand
C:\Users\user\AppData\Local\Temp\ccPt4Ici.s:447    .text.NOS_ModBus_AddUint16ToBuff:0000000000000000 $t
C:\Users\user\AppData\Local\Temp\ccPt4Ici.s:454    .text.NOS_ModBus_AddUint16ToBuff:0000000000000000 NOS_ModBus_AddUint16ToBuff
C:\Users\user\AppData\Local\Temp\ccPt4Ici.s:480    .text.NOS_ModBus_AddFloatToBuff:0000000000000000 $t
C:\Users\user\AppData\Local\Temp\ccPt4Ici.s:487    .text.NOS_ModBus_AddFloatToBuff:0000000000000000 NOS_ModBus_AddFloatToBuff
C:\Users\user\AppData\Local\Temp\ccPt4Ici.s:525    .rodata.wCRCTable.0:0000000000000000 $d
C:\Users\user\AppData\Local\Temp\ccPt4Ici.s:529    .rodata.wCRCTable.0:0000000000000000 wCRCTable.0

NO UNDEFINED SYMBOLS
